<?xml version="1.0" encoding="UTF-8"?>
<testsuite xmlns:xsi="http://www.w3.org/2001/XMLSchema-instance" xsi:noNamespaceSchemaLocation="https://maven.apache.org/surefire/maven-surefire-plugin/xsd/surefire-test-report-3.0.xsd" version="3.0" name="com.ccms.service.controller.TransactionControllerTest" time="6.757" tests="13" errors="0" skipped="0" failures="0">
  <properties>
[...]
</properties>
  <testcase name="testGetMaxExpensesForLastMonth_Error" classname="com.ccms.service.controller.TransactionControllerTest" time="0.357">
    <system-out><![CDATA[01:13:02.268 [main] DEBUG org.springframework.boot.test.context.SpringBootTestContextBootstrapper -- Neither @ContextConfiguration nor @ContextHierarchy found for test class [TransactionControllerTest]: using SpringBootContextLoader
01:13:02.270 [main] DEBUG org.springframework.test.context.support.AbstractContextLoader -- Could not detect default resource locations for test class [com.ccms.service.controller.TransactionControllerTest]: no resource found for suffixes {-context.xml, Context.groovy}.
01:13:02.270 [main] INFO org.springframework.test.context.support.AnnotationConfigContextLoaderUtils -- Could not detect default configuration classes for test class [com.ccms.service.controller.TransactionControllerTest]: TransactionControllerTest does not declare any static, non-private, non-final, nested classes annotated with @Configuration.
01:13:02.294 [main] DEBUG org.springframework.boot.test.context.SpringBootTestContextBootstrapper -- Using ContextCustomizers for test class [TransactionControllerTest]: [EmbeddedKafkaContextCustomizer, ImportsContextCustomizer, ExcludeFilterContextCustomizer, DuplicateJsonObjectContextCustomizer, MockitoContextCustomizer, TestRestTemplateContextCustomizer, DisableObservabilityContextCustomizer, PropertyMappingContextCustomizer, WebDriverContextCustomizer]
01:13:02.363 [main] DEBUG org.springframework.context.annotation.ClassPathScanningCandidateComponentProvider -- Identified candidate component class: file [/Users/a0p07mo/Documents/workspace-spring-tool-suite-4-4.18.0.RELEASE/CcmsService/target/classes/com/ccms/service/CcmsServiceApplication.class]
01:13:02.364 [main] INFO org.springframework.boot.test.context.SpringBootTestContextBootstrapper -- Found @SpringBootConfiguration com.ccms.service.CcmsServiceApplication for test class com.ccms.service.controller.TransactionControllerTest
01:13:02.393 [main] DEBUG org.springframework.test.context.util.TestContextSpringFactoriesUtils -- Skipping candidate TestExecutionListener [org.springframework.test.context.observation.MicrometerObservationRegistryTestExecutionListener] due to a missing dependency. Specify custom TestExecutionListener classes or make the default TestExecutionListener classes and their required dependencies available. Offending class: io.micrometer.context.ThreadLocalAccessor. MicrometerObservationRegistryTestExecutionListener requires io.micrometer:micrometer-observation:1.10.8 or higher and io.micrometer:context-propagation:1.0.3 or higher.
01:13:02.405 [main] DEBUG org.springframework.boot.test.context.SpringBootTestContextBootstrapper -- Using TestExecutionListeners for test class [TransactionControllerTest]: [ServletTestExecutionListener, DirtiesContextBeforeModesTestExecutionListener, ApplicationEventsTestExecutionListener, MockitoTestExecutionListener, DependencyInjectionTestExecutionListener, DirtiesContextTestExecutionListener, TransactionalTestExecutionListener, SqlScriptsTestExecutionListener, EventPublishingTestExecutionListener, ResetMocksTestExecutionListener, RestDocsTestExecutionListener, MockRestServiceServerResetTestExecutionListener, MockMvcPrintOnlyOnFailureTestExecutionListener, WebDriverTestExecutionListener, MockWebServiceServerTestExecutionListener]
01:13:02.406 [main] DEBUG org.springframework.test.context.support.DirtiesContextBeforeModesTestExecutionListener -- Before test class: class [TransactionControllerTest], class annotated with @DirtiesContext [false] with mode [null]

  .   ____          _            __ _ _
 /\\ / ___'_ __ _ _(_)_ __  __ _ \ \ \ \
( ( )\___ | '_ | '_| | '_ \/ _` | \ \ \ \
 \\/  ___)| |_)| | | | | || (_| |  ) ) ) )
  '  |____| .__|_| |_|_| |_\__, | / / / /
 =========|_|==============|___/=/_/_/_/
 :: Spring Boot ::               (v3.0.12)

2025-01-27 01:13:02 - Registered kafka:type=kafka.Log4jController MBean
2025-01-27 01:13:02 - 
2025-01-27 01:13:02 -   ______                  _                                          
2025-01-27 01:13:02 -  |___  /                 | |                                         
2025-01-27 01:13:02 -     / /    ___     ___   | | __   ___    ___   _ __     ___   _ __   
2025-01-27 01:13:02 -    / /    / _ \   / _ \  | |/ /  / _ \  / _ \ | '_ \   / _ \ | '__|
2025-01-27 01:13:02 -   / /__  | (_) | | (_) | |   <  |  __/ |  __/ | |_) | |  __/ | |    
2025-01-27 01:13:02 -  /_____|  \___/   \___/  |_|\_\  \___|  \___| | .__/   \___| |_|
2025-01-27 01:13:02 -                                               | |                     
2025-01-27 01:13:02 -                                               |_|                     
2025-01-27 01:13:02 - 
2025-01-27 01:13:02 - Server environment:zookeeper.version=3.6.3--6401e4ad2087061bc6b9f80dec2d69f2e3c8660a, built on 04/08/2021 16:35 GMT
2025-01-27 01:13:02 - Server environment:host.name=192.168.1.25
2025-01-27 01:13:02 - Server environment:java.version=17.0.7
2025-01-27 01:13:02 - Server environment:java.vendor=Oracle Corporation
2025-01-27 01:13:02 - Server environment:java.home=/Library/Java/JavaVirtualMachines/jdk-17.jdk/Contents/Home
2025-01-27 01:13:02 - Server environment:java.class.path=/Users/a0p07mo/Documents/workspace-spring-tool-suite-4-4.18.0.RELEASE/CcmsService/target/test-classes:/Users/a0p07mo/Documents/workspace-spring-tool-suite-4-4.18.0.RELEASE/CcmsService/target/classes:/Users/a0p07mo/.m2/repository/org/springframework/boot/spring-boot-starter-data-mongodb/3.0.12/spring-boot-starter-data-mongodb-3.0.12.jar:/Users/a0p07mo/.m2/repository/org/springframework/boot/spring-boot-starter/3.0.12/spring-boot-starter-3.0.12.jar:/Users/a0p07mo/.m2/repository/org/springframework/boot/spring-boot/3.0.12/spring-boot-3.0.12.jar:/Users/a0p07mo/.m2/repository/org/springframework/boot/spring-boot-autoconfigure/3.0.12/spring-boot-autoconfigure-3.0.12.jar:/Users/a0p07mo/.m2/repository/jakarta/annotation/jakarta.annotation-api/2.1.1/jakarta.annotation-api-2.1.1.jar:/Users/a0p07mo/.m2/repository/org/yaml/snakeyaml/1.33/snakeyaml-1.33.jar:/Users/a0p07mo/.m2/repository/org/mongodb/mongodb-driver-sync/4.8.2/mongodb-driver-sync-4.8.2.jar:/Users/a0p07mo/.m2/repository/org/mongodb/bson/4.8.2/bson-4.8.2.jar:/Users/a0p07mo/.m2/repository/org/mongodb/mongodb-driver-core/4.8.2/mongodb-driver-core-4.8.2.jar:/Users/a0p07mo/.m2/repository/org/mongodb/bson-record-codec/4.8.2/bson-record-codec-4.8.2.jar:/Users/a0p07mo/.m2/repository/org/springframework/data/spring-data-mongodb/4.0.11/spring-data-mongodb-4.0.11.jar:/Users/a0p07mo/.m2/repository/org/springframework/spring-beans/6.0.13/spring-beans-6.0.13.jar:/Users/a0p07mo/.m2/repository/org/springframework/spring-expression/6.0.13/spring-expression-6.0.13.jar:/Users/a0p07mo/.m2/repository/org/springframework/data/spring-data-commons/3.0.11/spring-data-commons-3.0.11.jar:/Users/a0p07mo/.m2/repository/org/springframework/boot/spring-boot-starter-web/3.0.12/spring-boot-starter-web-3.0.12.jar:/Users/a0p07mo/.m2/repository/org/springframework/boot/spring-boot-starter-json/3.0.12/spring-boot-starter-json-3.0.12.jar:/Users/a0p07mo/.m2/repository/com/fasterxml/jackson/datatype/jackson-datatype-jdk8/2.14.3/jackson-datatype-jdk8-2.14.3.jar:/Users/a0p07mo/.m2/repository/com/fasterxml/jackson/datatype/jackson-datatype-jsr310/2.14.3/jackson-datatype-jsr310-2.14.3.jar:/Users/a0p07mo/.m2/repository/com/fasterxml/jackson/module/jackson-module-parameter-names/2.14.3/jackson-module-parameter-names-2.14.3.jar:/Users/a0p07mo/.m2/repository/org/springframework/boot/spring-boot-starter-tomcat/3.0.12/spring-boot-starter-tomcat-3.0.12.jar:/Users/a0p07mo/.m2/repository/org/apache/tomcat/embed/tomcat-embed-core/10.1.15/tomcat-embed-core-10.1.15.jar:/Users/a0p07mo/.m2/repository/org/apache/tomcat/embed/tomcat-embed-websocket/10.1.15/tomcat-embed-websocket-10.1.15.jar:/Users/a0p07mo/.m2/repository/org/springframework/spring-web/6.0.13/spring-web-6.0.13.jar:/Users/a0p07mo/.m2/repository/org/springframework/spring-webmvc/6.0.13/spring-webmvc-6.0.13.jar:/Users/a0p07mo/.m2/repository/org/apache/kafka/kafka-streams/3.3.2/kafka-streams-3.3.2.jar:/Users/a0p07mo/.m2/repository/org/apache/kafka/kafka-clients/3.3.2/kafka-clients-3.3.2.jar:/Users/a0p07mo/.m2/repository/com/github/luben/zstd-jni/1.5.2-1/zstd-jni-1.5.2-1.jar:/Users/a0p07mo/.m2/repository/org/lz4/lz4-java/1.8.0/lz4-java-1.8.0.jar:/Users/a0p07mo/.m2/repository/org/xerial/snappy/snappy-java/1.1.8.4/snappy-java-1.1.8.4.jar:/Users/a0p07mo/.m2/repository/org/rocksdb/rocksdbjni/7.1.2/rocksdbjni-7.1.2.jar:/Users/a0p07mo/.m2/repository/org/slf4j/slf4j-api/2.0.9/slf4j-api-2.0.9.jar:/Users/a0p07mo/.m2/repository/com/fasterxml/jackson/core/jackson-annotations/2.14.3/jackson-annotations-2.14.3.jar:/Users/a0p07mo/.m2/repository/org/springframework/kafka/spring-kafka/3.0.12/spring-kafka-3.0.12.jar:/Users/a0p07mo/.m2/repository/org/springframework/spring-context/6.0.13/spring-context-6.0.13.jar:/Users/a0p07mo/.m2/repository/org/springframework/spring-messaging/6.0.13/spring-messaging-6.0.13.jar:/Users/a0p07mo/.m2/repository/org/springframework/spring-tx/6.0.13/spring-tx-6.0.13.jar:/Users/a0p07mo/.m2/repository/org/springframework/retry/spring-retry/2.0.4/spring-retry-2.0.4.jar:/Users/a0p07mo/.m2/repository/io/micrometer/micrometer-observation/1.10.12/micrometer-observation-1.10.12.jar:/Users/a0p07mo/.m2/repository/io/micrometer/micrometer-commons/1.10.12/micrometer-commons-1.10.12.jar:/Users/a0p07mo/.m2/repository/com/google/code/findbugs/jsr305/3.0.2/jsr305-3.0.2.jar:/Users/a0p07mo/.m2/repository/org/springframework/boot/spring-boot-starter-actuator/3.0.12/spring-boot-starter-actuator-3.0.12.jar:/Users/a0p07mo/.m2/repository/org/springframework/boot/spring-boot-actuator-autoconfigure/3.0.12/spring-boot-actuator-autoconfigure-3.0.12.jar:/Users/a0p07mo/.m2/repository/org/springframework/boot/spring-boot-actuator/3.0.12/spring-boot-actuator-3.0.12.jar:/Users/a0p07mo/.m2/repository/io/micrometer/micrometer-core/1.10.12/micrometer-core-1.10.12.jar:/Users/a0p07mo/.m2/repository/org/hdrhistogram/HdrHistogram/2.1.12/HdrHistogram-2.1.12.jar:/Users/a0p07mo/.m2/repository/org/latencyutils/LatencyUtils/2.0.3/LatencyUtils-2.0.3.jar:/Users/a0p07mo/.m2/repository/io/micrometer/micrometer-registry-prometheus/1.10.12/micrometer-registry-prometheus-1.10.12.jar:/Users/a0p07mo/.m2/repository/io/prometheus/simpleclient_common/0.16.0/simpleclient_common-0.16.0.jar:/Users/a0p07mo/.m2/repository/io/prometheus/simpleclient/0.16.0/simpleclient-0.16.0.jar:/Users/a0p07mo/.m2/repository/io/prometheus/simpleclient_tracer_otel/0.16.0/simpleclient_tracer_otel-0.16.0.jar:/Users/a0p07mo/.m2/repository/io/prometheus/simpleclient_tracer_common/0.16.0/simpleclient_tracer_common-0.16.0.jar:/Users/a0p07mo/.m2/repository/io/prometheus/simpleclient_tracer_otel_agent/0.16.0/simpleclient_tracer_otel_agent-0.16.0.jar:/Users/a0p07mo/.m2/repository/org/springframework/cloud/spring-cloud-starter-netflix-eureka-client/4.0.4/spring-cloud-starter-netflix-eureka-client-4.0.4.jar:/Users/a0p07mo/.m2/repository/org/springframework/cloud/spring-cloud-starter/4.0.5/spring-cloud-starter-4.0.5.jar:/Users/a0p07mo/.m2/repository/org/springframework/cloud/spring-cloud-context/4.0.5/spring-cloud-context-4.0.5.jar:/Users/a0p07mo/.m2/repository/org/springframework/security/spring-security-crypto/6.0.8/spring-security-crypto-6.0.8.jar:/Users/a0p07mo/.m2/repository/org/springframework/cloud/spring-cloud-commons/4.0.5/spring-cloud-commons-4.0.5.jar:/Users/a0p07mo/.m2/repository/org/springframework/security/spring-security-rsa/1.0.12.RELEASE/spring-security-rsa-1.0.12.RELEASE.jar:/Users/a0p07mo/.m2/repository/org/bouncycastle/bcpkix-jdk18on/1.73/bcpkix-jdk18on-1.73.jar:/Users/a0p07mo/.m2/repository/org/bouncycastle/bcprov-jdk18on/1.73/bcprov-jdk18on-1.73.jar:/Users/a0p07mo/.m2/repository/org/bouncycastle/bcutil-jdk18on/1.73/bcutil-jdk18on-1.73.jar:/Users/a0p07mo/.m2/repository/org/springframework/cloud/spring-cloud-netflix-eureka-client/4.0.4/spring-cloud-netflix-eureka-client-4.0.4.jar:/Users/a0p07mo/.m2/repository/org/apache/httpcomponents/client5/httpclient5/5.1.4/httpclient5-5.1.4.jar:/Users/a0p07mo/.m2/repository/org/apache/httpcomponents/core5/httpcore5/5.1.5/httpcore5-5.1.5.jar:/Users/a0p07mo/.m2/repository/org/apache/httpcomponents/core5/httpcore5-h2/5.1.5/httpcore5-h2-5.1.5.jar:/Users/a0p07mo/.m2/repository/commons-codec/commons-codec/1.15/commons-codec-1.15.jar:/Users/a0p07mo/.m2/repository/com/netflix/eureka/eureka-client/2.0.1/eureka-client-2.0.1.jar:/Users/a0p07mo/.m2/repository/com/netflix/netflix-commons/netflix-eventbus/0.3.0/netflix-eventbus-0.3.0.jar:/Users/a0p07mo/.m2/repository/com/netflix/netflix-commons/netflix-infix/0.3.0/netflix-infix-0.3.0.jar:/Users/a0p07mo/.m2/repository/commons-jxpath/commons-jxpath/1.3/commons-jxpath-1.3.jar:/Users/a0p07mo/.m2/repository/joda-time/joda-time/2.3/joda-time-2.3.jar:/Users/a0p07mo/.m2/repository/org/antlr/antlr-runtime/3.4/antlr-runtime-3.4.jar:/Users/a0p07mo/.m2/repository/org/antlr/stringtemplate/3.2.1/stringtemplate-3.2.1.jar:/Users/a0p07mo/.m2/repository/antlr/antlr/2.7.7/antlr-2.7.7.jar:/Users/a0p07mo/.m2/repository/com/google/code/gson/gson/2.9.1/gson-2.9.1.jar:/Users/a0p07mo/.m2/repository/org/apache/commons/commons-math/2.2/commons-math-2.2.jar:/Users/a0p07mo/.m2/repository/com/thoughtworks/xstream/xstream/1.4.19/xstream-1.4.19.jar:/Users/a0p07mo/.m2/repository/io/github/x-stream/mxparser/1.2.2/mxparser-1.2.2.jar:/Users/a0p07mo/.m2/repository/xmlpull/xmlpull/1.1.3.1/xmlpull-1.1.3.1.jar:/Users/a0p07mo/.m2/repository/jakarta/ws/rs/jakarta.ws.rs-api/3.1.0/jakarta.ws.rs-api-3.1.0.jar:/Users/a0p07mo/.m2/repository/jakarta/inject/jakarta.inject-api/2.0.1/jakarta.inject-api-2.0.1.jar:/Users/a0p07mo/.m2/repository/com/netflix/servo/servo-core/0.12.21/servo-core-0.12.21.jar:/Users/a0p07mo/.m2/repository/com/google/guava/guava/19.0/guava-19.0.jar:/Users/a0p07mo/.m2/repository/org/apache/httpcomponents/httpclient/4.5.14/httpclient-4.5.14.jar:/Users/a0p07mo/.m2/repository/org/apache/httpcomponents/httpcore/4.4.16/httpcore-4.4.16.jar:/Users/a0p07mo/.m2/repository/commons-configuration/commons-configuration/1.10/commons-configuration-1.10.jar:/Users/a0p07mo/.m2/repository/commons-lang/commons-lang/2.6/commons-lang-2.6.jar:/Users/a0p07mo/.m2/repository/org/codehaus/jettison/jettison/1.4.0/jettison-1.4.0.jar:/Users/a0p07mo/.m2/repository/com/netflix/eureka/eureka-core/2.0.1/eureka-core-2.0.1.jar:/Users/a0p07mo/.m2/repository/com/fasterxml/woodstox/woodstox-core/6.2.1/woodstox-core-6.2.1.jar:/Users/a0p07mo/.m2/repository/org/codehaus/woodstox/stax2-api/4.2.1/stax2-api-4.2.1.jar:/Users/a0p07mo/.m2/repository/org/springframework/cloud/spring-cloud-starter-loadbalancer/4.0.5/spring-cloud-starter-loadbalancer-4.0.5.jar:/Users/a0p07mo/.m2/repository/org/springframework/cloud/spring-cloud-loadbalancer/4.0.5/spring-cloud-loadbalancer-4.0.5.jar:/Users/a0p07mo/.m2/repository/io/projectreactor/reactor-core/3.5.11/reactor-core-3.5.11.jar:/Users/a0p07mo/.m2/repository/org/reactivestreams/reactive-streams/1.0.4/reactive-streams-1.0.4.jar:/Users/a0p07mo/.m2/repository/io/projectreactor/addons/reactor-extra/3.5.1/reactor-extra-3.5.1.jar:/Users/a0p07mo/.m2/repository/org/springframework/boot/spring-boot-starter-cache/3.0.12/spring-boot-starter-cache-3.0.12.jar:/Users/a0p07mo/.m2/repository/org/springframework/spring-context-support/6.0.13/spring-context-support-6.0.13.jar:/Users/a0p07mo/.m2/repository/com/stoyanr/evictor/1.0.0/evictor-1.0.0.jar:/Users/a0p07mo/.m2/repository/org/springframework/cloud/spring-cloud-starter-circuitbreaker-resilience4j/3.0.4/spring-cloud-starter-circuitbreaker-resilience4j-3.0.4.jar:/Users/a0p07mo/.m2/repository/org/springframework/cloud/spring-cloud-circuitbreaker-resilience4j/3.0.4/spring-cloud-circuitbreaker-resilience4j-3.0.4.jar:/Users/a0p07mo/.m2/repository/io/github/resilience4j/resilience4j-spring-boot3/2.0.2/resilience4j-spring-boot3-2.0.2.jar:/Users/a0p07mo/.m2/repository/io/github/resilience4j/resilience4j-spring6/2.0.2/resilience4j-spring6-2.0.2.jar:/Users/a0p07mo/.m2/repository/io/github/resilience4j/resilience4j-annotations/2.0.2/resilience4j-annotations-2.0.2.jar:/Users/a0p07mo/.m2/repository/io/github/resilience4j/resilience4j-consumer/2.0.2/resilience4j-consumer-2.0.2.jar:/Users/a0p07mo/.m2/repository/io/github/resilience4j/resilience4j-circularbuffer/2.0.2/resilience4j-circularbuffer-2.0.2.jar:/Users/a0p07mo/.m2/repository/io/github/resilience4j/resilience4j-framework-common/2.0.2/resilience4j-framework-common-2.0.2.jar:/Users/a0p07mo/.m2/repository/io/github/resilience4j/resilience4j-micrometer/2.0.2/resilience4j-micrometer-2.0.2.jar:/Users/a0p07mo/.m2/repository/io/github/resilience4j/resilience4j-retry/2.0.2/resilience4j-retry-2.0.2.jar:/Users/a0p07mo/.m2/repository/io/github/resilience4j/resilience4j-ratelimiter/2.0.2/resilience4j-ratelimiter-2.0.2.jar:/Users/a0p07mo/.m2/repository/io/github/resilience4j/resilience4j-circuitbreaker/2.0.2/resilience4j-circuitbreaker-2.0.2.jar:/Users/a0p07mo/.m2/repository/io/github/resilience4j/resilience4j-core/2.0.2/resilience4j-core-2.0.2.jar:/Users/a0p07mo/.m2/repository/io/github/resilience4j/resilience4j-timelimiter/2.0.2/resilience4j-timelimiter-2.0.2.jar:/Users/a0p07mo/.m2/repository/org/springframework/boot/spring-boot-starter-aop/3.0.4/spring-boot-starter-aop-3.0.4.jar:/Users/a0p07mo/.m2/repository/org/springframework/spring-aop/6.0.13/spring-aop-6.0.13.jar:/Users/a0p07mo/.m2/repository/org/aspectj/aspectjweaver/1.9.20/aspectjweaver-1.9.20.jar:/Users/a0p07mo/.m2/repository/org/junit/jupiter/junit-jupiter-api/5.7.1/junit-jupiter-api-5.7.1.jar:/Users/a0p07mo/.m2/repository/org/apiguardian/apiguardian-api/1.1.0/apiguardian-api-1.1.0.jar:/Users/a0p07mo/.m2/repository/org/opentest4j/opentest4j/1.2.0/opentest4j-1.2.0.jar:/Users/a0p07mo/.m2/repository/org/junit/platform/junit-platform-commons/1.9.3/junit-platform-commons-1.9.3.jar:/Users/a0p07mo/.m2/repository/org/junit/jupiter/junit-jupiter-engine/5.7.1/junit-jupiter-engine-5.7.1.jar:/Users/a0p07mo/.m2/repository/org/junit/platform/junit-platform-engine/1.9.3/junit-platform-engine-1.9.3.jar:/Users/a0p07mo/.m2/repository/org/junit/vintage/junit-vintage-engine/5.7.0/junit-vintage-engine-5.7.0.jar:/Users/a0p07mo/.m2/repository/junit/junit/4.13.2/junit-4.13.2.jar:/Users/a0p07mo/.m2/repository/org/hamcrest/hamcrest-core/2.2/hamcrest-core-2.2.jar:/Users/a0p07mo/.m2/repository/org/mockito/mockito-core/3.6.28/mockito-core-3.6.28.jar:/Users/a0p07mo/.m2/repository/net/bytebuddy/byte-buddy/1.12.23/byte-buddy-1.12.23.jar:/Users/a0p07mo/.m2/repository/net/bytebuddy/byte-buddy-agent/1.12.23/byte-buddy-agent-1.12.23.jar:/Users/a0p07mo/.m2/repository/org/objenesis/objenesis/3.1/objenesis-3.1.jar:/Users/a0p07mo/.m2/repository/org/mockito/mockito-junit-jupiter/3.6.28/mockito-junit-jupiter-3.6.28.jar:/Users/a0p07mo/.m2/repository/org/springframework/kafka/spring-kafka-test/3.0.12/spring-kafka-test-3.0.12.jar:/Users/a0p07mo/.m2/repository/org/springframework/spring-test/6.0.13/spring-test-6.0.13.jar:/Users/a0p07mo/.m2/repository/org/apache/zookeeper/zookeeper/3.6.3/zookeeper-3.6.3.jar:/Users/a0p07mo/.m2/repository/org/apache/zookeeper/zookeeper-jute/3.6.3/zookeeper-jute-3.6.3.jar:/Users/a0p07mo/.m2/repository/org/apache/yetus/audience-annotations/0.5.0/audience-annotations-0.5.0.jar:/Users/a0p07mo/.m2/repository/io/netty/netty-handler/4.1.100.Final/netty-handler-4.1.100.Final.jar:/Users/a0p07mo/.m2/repository/io/netty/netty-common/4.1.100.Final/netty-common-4.1.100.Final.jar:/Users/a0p07mo/.m2/repository/io/netty/netty-resolver/4.1.100.Final/netty-resolver-4.1.100.Final.jar:/Users/a0p07mo/.m2/repository/io/netty/netty-buffer/4.1.100.Final/netty-buffer-4.1.100.Final.jar:/Users/a0p07mo/.m2/repository/io/netty/netty-transport/4.1.100.Final/netty-transport-4.1.100.Final.jar:/Users/a0p07mo/.m2/repository/io/netty/netty-transport-native-unix-common/4.1.100.Final/netty-transport-native-unix-common-4.1.100.Final.jar:/Users/a0p07mo/.m2/repository/io/netty/netty-codec/4.1.100.Final/netty-codec-4.1.100.Final.jar:/Users/a0p07mo/.m2/repository/io/netty/netty-transport-native-epoll/4.1.100.Final/netty-transport-native-epoll-4.1.100.Final.jar:/Users/a0p07mo/.m2/repository/io/netty/netty-transport-classes-epoll/4.1.100.Final/netty-transport-classes-epoll-4.1.100.Final.jar:/Users/a0p07mo/.m2/repository/org/apache/kafka/kafka-clients/3.3.2/kafka-clients-3.3.2-test.jar:/Users/a0p07mo/.m2/repository/org/apache/kafka/kafka-metadata/3.3.2/kafka-metadata-3.3.2.jar:/Users/a0p07mo/.m2/repository/org/apache/kafka/kafka-server-common/3.3.2/kafka-server-common-3.3.2.jar:/Users/a0p07mo/.m2/repository/org/apache/kafka/kafka-raft/3.3.2/kafka-raft-3.3.2.jar:/Users/a0p07mo/.m2/repository/com/yammer/metrics/metrics-core/2.2.0/metrics-core-2.2.0.jar:/Users/a0p07mo/.m2/repository/org/apache/kafka/kafka-streams-test-utils/3.3.2/kafka-streams-test-utils-3.3.2.jar:/Users/a0p07mo/.m2/repository/org/apache/kafka/kafka_2.13/3.3.2/kafka_2.13-3.3.2.jar:/Users/a0p07mo/.m2/repository/org/scala-lang/scala-library/2.13.8/scala-library-2.13.8.jar:/Users/a0p07mo/.m2/repository/org/apache/kafka/kafka-storage/3.3.2/kafka-storage-3.3.2.jar:/Users/a0p07mo/.m2/repository/org/apache/kafka/kafka-storage-api/3.3.2/kafka-storage-api-3.3.2.jar:/Users/a0p07mo/.m2/repository/net/sourceforge/argparse4j/argparse4j/0.7.0/argparse4j-0.7.0.jar:/Users/a0p07mo/.m2/repository/com/fasterxml/jackson/module/jackson-module-scala_2.13/2.14.3/jackson-module-scala_2.13-2.14.3.jar:/Users/a0p07mo/.m2/repository/com/thoughtworks/paranamer/paranamer/2.8/paranamer-2.8.jar:/Users/a0p07mo/.m2/repository/com/fasterxml/jackson/dataformat/jackson-dataformat-csv/2.14.3/jackson-dataformat-csv-2.14.3.jar:/Users/a0p07mo/.m2/repository/net/sf/jopt-simple/jopt-simple/5.0.4/jopt-simple-5.0.4.jar:/Users/a0p07mo/.m2/repository/org/bitbucket/b_c/jose4j/0.7.9/jose4j-0.7.9.jar:/Users/a0p07mo/.m2/repository/org/scala-lang/modules/scala-collection-compat_2.13/2.6.0/scala-collection-compat_2.13-2.6.0.jar:/Users/a0p07mo/.m2/repository/org/scala-lang/modules/scala-java8-compat_2.13/1.0.2/scala-java8-compat_2.13-1.0.2.jar:/Users/a0p07mo/.m2/repository/org/scala-lang/scala-reflect/2.13.8/scala-reflect-2.13.8.jar:/Users/a0p07mo/.m2/repository/com/typesafe/scala-logging/scala-logging_2.13/3.9.4/scala-logging_2.13-3.9.4.jar:/Users/a0p07mo/.m2/repository/io/dropwizard/metrics/metrics-core/4.2.21/metrics-core-4.2.21.jar:/Users/a0p07mo/.m2/repository/commons-cli/commons-cli/1.4/commons-cli-1.4.jar:/Users/a0p07mo/.m2/repository/org/apache/kafka/kafka_2.13/3.3.2/kafka_2.13-3.3.2-test.jar:/Users/a0p07mo/.m2/repository/org/junit/platform/junit-platform-launcher/1.9.3/junit-platform-launcher-1.9.3.jar:/Users/a0p07mo/.m2/repository/org/springframework/boot/spring-boot-starter-test/3.0.12/spring-boot-starter-test-3.0.12.jar:/Users/a0p07mo/.m2/repository/org/springframework/boot/spring-boot-test/3.0.12/spring-boot-test-3.0.12.jar:/Users/a0p07mo/.m2/repository/org/springframework/boot/spring-boot-test-autoconfigure/3.0.12/spring-boot-test-autoconfigure-3.0.12.jar:/Users/a0p07mo/.m2/repository/com/jayway/jsonpath/json-path/2.7.0/json-path-2.7.0.jar:/Users/a0p07mo/.m2/repository/net/minidev/json-smart/2.4.11/json-smart-2.4.11.jar:/Users/a0p07mo/.m2/repository/net/minidev/accessors-smart/2.4.11/accessors-smart-2.4.11.jar:/Users/a0p07mo/.m2/repository/org/ow2/asm/asm/9.3/asm-9.3.jar:/Users/a0p07mo/.m2/repository/jakarta/xml/bind/jakarta.xml.bind-api/4.0.1/jakarta.xml.bind-api-4.0.1.jar:/Users/a0p07mo/.m2/repository/jakarta/activation/jakarta.activation-api/2.1.2/jakarta.activation-api-2.1.2.jar:/Users/a0p07mo/.m2/repository/org/assertj/assertj-core/3.23.1/assertj-core-3.23.1.jar:/Users/a0p07mo/.m2/repository/org/hamcrest/hamcrest/2.2/hamcrest-2.2.jar:/Users/a0p07mo/.m2/repository/org/junit/jupiter/junit-jupiter/5.9.3/junit-jupiter-5.9.3.jar:/Users/a0p07mo/.m2/repository/org/junit/jupiter/junit-jupiter-params/5.9.3/junit-jupiter-params-5.9.3.jar:/Users/a0p07mo/.m2/repository/org/skyscreamer/jsonassert/1.5.1/jsonassert-1.5.1.jar:/Users/a0p07mo/.m2/repository/com/vaadin/external/google/android-json/0.0.20131108.vaadin1/android-json-0.0.20131108.vaadin1.jar:/Users/a0p07mo/.m2/repository/org/springframework/spring-core/6.0.13/spring-core-6.0.13.jar:/Users/a0p07mo/.m2/repository/org/springframework/spring-jcl/6.0.13/spring-jcl-6.0.13.jar:/Users/a0p07mo/.m2/repository/org/xmlunit/xmlunit-core/2.9.1/xmlunit-core-2.9.1.jar:/Users/a0p07mo/.m2/repository/org/projectlombok/lombok/1.18.30/lombok-1.18.30.jar:/Users/a0p07mo/.m2/repository/org/springdoc/springdoc-openapi-starter-webmvc-ui/2.0.3/springdoc-openapi-starter-webmvc-ui-2.0.3.jar:/Users/a0p07mo/.m2/repository/org/springdoc/springdoc-openapi-starter-webmvc-api/2.0.3/springdoc-openapi-starter-webmvc-api-2.0.3.jar:/Users/a0p07mo/.m2/repository/org/springdoc/springdoc-openapi-starter-common/2.0.3/springdoc-openapi-starter-common-2.0.3.jar:/Users/a0p07mo/.m2/repository/io/swagger/core/v3/swagger-core-jakarta/2.2.8/swagger-core-jakarta-2.2.8.jar:/Users/a0p07mo/.m2/repository/org/apache/commons/commons-lang3/3.12.0/commons-lang3-3.12.0.jar:/Users/a0p07mo/.m2/repository/io/swagger/core/v3/swagger-annotations-jakarta/2.2.8/swagger-annotations-jakarta-2.2.8.jar:/Users/a0p07mo/.m2/repository/io/swagger/core/v3/swagger-models-jakarta/2.2.8/swagger-models-jakarta-2.2.8.jar:/Users/a0p07mo/.m2/repository/com/fasterxml/jackson/dataformat/jackson-dataformat-yaml/2.14.3/jackson-dataformat-yaml-2.14.3.jar:/Users/a0p07mo/.m2/repository/org/webjars/swagger-ui/4.17.1/swagger-ui-4.17.1.jar:/Users/a0p07mo/.m2/repository/org/webjars/webjars-locator-core/0.52/webjars-locator-core-0.52.jar:/Users/a0p07mo/.m2/repository/io/github/classgraph/classgraph/4.8.149/classgraph-4.8.149.jar:/Users/a0p07mo/.m2/repository/io/jsonwebtoken/jjwt/0.9.1/jjwt-0.9.1.jar:/Users/a0p07mo/.m2/repository/org/springframework/boot/spring-boot-starter-validation/3.0.12/spring-boot-starter-validation-3.0.12.jar:/Users/a0p07mo/.m2/repository/org/apache/tomcat/embed/tomcat-embed-el/10.1.15/tomcat-embed-el-10.1.15.jar:/Users/a0p07mo/.m2/repository/org/hibernate/validator/hibernate-validator/8.0.1.Final/hibernate-validator-8.0.1.Final.jar:/Users/a0p07mo/.m2/repository/jakarta/validation/jakarta.validation-api/3.0.2/jakarta.validation-api-3.0.2.jar:/Users/a0p07mo/.m2/repository/org/jboss/logging/jboss-logging/3.5.3.Final/jboss-logging-3.5.3.Final.jar:/Users/a0p07mo/.m2/repository/com/fasterxml/classmate/1.5.1/classmate-1.5.1.jar:/Users/a0p07mo/.m2/repository/com/fasterxml/jackson/core/jackson-databind/2.14.3/jackson-databind-2.14.3.jar:/Users/a0p07mo/.m2/repository/com/fasterxml/jackson/core/jackson-core/2.14.3/jackson-core-2.14.3.jar:/Users/a0p07mo/.m2/repository/org/json/json/20210307/json-20210307.jar:/Users/a0p07mo/.m2/repository/org/springframework/boot/spring-boot-starter-logging/3.0.12/spring-boot-starter-logging-3.0.12.jar:/Users/a0p07mo/.m2/repository/ch/qos/logback/logback-classic/1.4.11/logback-classic-1.4.11.jar:/Users/a0p07mo/.m2/repository/ch/qos/logback/logback-core/1.4.11/logback-core-1.4.11.jar:/Users/a0p07mo/.m2/repository/org/apache/logging/log4j/log4j-to-slf4j/2.19.0/log4j-to-slf4j-2.19.0.jar:/Users/a0p07mo/.m2/repository/org/apache/logging/log4j/log4j-api/2.19.0/log4j-api-2.19.0.jar:/Users/a0p07mo/.m2/repository/org/slf4j/jul-to-slf4j/2.0.9/jul-to-slf4j-2.0.9.jar:
2025-01-27 01:13:02 - Server environment:java.library.path=/Users/a0p07mo/Library/Java/Extensions:/Library/Java/Extensions:/Network/Library/Java/Extensions:/System/Library/Java/Extensions:/usr/lib/java:.
2025-01-27 01:13:02 - Server environment:java.io.tmpdir=/var/folders/gr/dw9st56s3gj30gltjs1m4f5m0000gq/T/
2025-01-27 01:13:02 - Server environment:java.compiler=<NA>
2025-01-27 01:13:02 - Server environment:os.name=Mac OS X
2025-01-27 01:13:02 - Server environment:os.arch=aarch64
2025-01-27 01:13:02 - Server environment:os.version=14.7
2025-01-27 01:13:02 - Server environment:user.name=a0p07mo
2025-01-27 01:13:02 - Server environment:user.home=/Users/a0p07mo
2025-01-27 01:13:02 - Server environment:user.dir=/Users/a0p07mo/Documents/workspace-spring-tool-suite-4-4.18.0.RELEASE/CcmsService
2025-01-27 01:13:02 - Server environment:os.memory.free=151MB
2025-01-27 01:13:02 - Server environment:os.memory.max=4096MB
2025-01-27 01:13:02 - Server environment:os.memory.total=176MB
2025-01-27 01:13:02 - zookeeper.enableEagerACLCheck = false
2025-01-27 01:13:02 - zookeeper.digest.enabled = true
2025-01-27 01:13:02 - zookeeper.closeSessionTxn.enabled = true
2025-01-27 01:13:02 - zookeeper.flushDelay=0
2025-01-27 01:13:02 - zookeeper.maxWriteQueuePollTime=0
2025-01-27 01:13:02 - zookeeper.maxBatchSize=1000
2025-01-27 01:13:02 - zookeeper.intBufferStartingSizeBytes = 1024
2025-01-27 01:13:02 - zookeeper.snapshot.trust.empty : false
2025-01-27 01:13:02 - Using org.apache.zookeeper.server.watch.WatchManager as watch manager
2025-01-27 01:13:02 - Using org.apache.zookeeper.server.watch.WatchManager as watch manager
2025-01-27 01:13:02 - zookeeper.snapshotSizeFactor = 0.33
2025-01-27 01:13:02 - zookeeper.commitLogCount=500
2025-01-27 01:13:02 - Weighed connection throttling is disabled
2025-01-27 01:13:02 - minSessionTimeout set to 1600
2025-01-27 01:13:02 - maxSessionTimeout set to 16000
2025-01-27 01:13:02 - Response cache size is initialized with value 400.
2025-01-27 01:13:02 - Response cache size is initialized with value 400.
2025-01-27 01:13:02 - zookeeper.pathStats.slotCapacity = 60
2025-01-27 01:13:02 - zookeeper.pathStats.slotDuration = 15
2025-01-27 01:13:02 - zookeeper.pathStats.maxDepth = 6
2025-01-27 01:13:02 - zookeeper.pathStats.initialDelay = 5
2025-01-27 01:13:02 - zookeeper.pathStats.delay = 5
2025-01-27 01:13:02 - zookeeper.pathStats.enabled = false
2025-01-27 01:13:02 - The max bytes for all large requests are set to 104857600
2025-01-27 01:13:02 - The large request threshold is set to -1
2025-01-27 01:13:02 - Created server with tickTime 800 minSessionTimeout 1600 maxSessionTimeout 16000 clientPortListenBacklog -1 datadir /var/folders/gr/dw9st56s3gj30gltjs1m4f5m0000gq/T/kafka-17304469907658285697/version-2 snapdir /var/folders/gr/dw9st56s3gj30gltjs1m4f5m0000gq/T/kafka-3151220712284864275/version-2
2025-01-27 01:13:02 - maxCnxns is not configured, using default value 0.
2025-01-27 01:13:02 - Configuring NIO connection handler with 10s sessionless connection timeout, 2 selector thread(s), 20 worker threads, and 64 kB direct buffers.
2025-01-27 01:13:02 - binding to port /127.0.0.1:0
2025-01-27 01:13:02 - zookeeper.snapshot.compression.method = CHECKED
2025-01-27 01:13:02 - Snapshotting: 0x0 to /var/folders/gr/dw9st56s3gj30gltjs1m4f5m0000gq/T/kafka-3151220712284864275/version-2/snapshot.0
2025-01-27 01:13:02 - Snapshot loaded in 16 ms, highest zxid is 0x0, digest is 1371985504
2025-01-27 01:13:02 - Snapshotting: 0x0 to /var/folders/gr/dw9st56s3gj30gltjs1m4f5m0000gq/T/kafka-3151220712284864275/version-2/snapshot.0
2025-01-27 01:13:02 - Snapshot taken in 6 ms
2025-01-27 01:13:02 - PrepRequestProcessor (sid:0) started, reconfigEnabled=false
2025-01-27 01:13:02 - zookeeper.request_throttler.shutdownTimeout = 10000
2025-01-27 01:13:03 - KafkaConfig values: 
	advertised.listeners = null
	alter.config.policy.class.name = null
	alter.log.dirs.replication.quota.window.num = 11
	alter.log.dirs.replication.quota.window.size.seconds = 1
	authorizer.class.name = 
	auto.create.topics.enable = true
	auto.leader.rebalance.enable = true
	background.threads = 10
	broker.heartbeat.interval.ms = 2000
	broker.id = 0
	broker.id.generation.enable = true
	broker.rack = null
	broker.session.timeout.ms = 9000
	client.quota.callback.class = null
	compression.type = producer
	connection.failed.authentication.delay.ms = 100
	connections.max.idle.ms = 600000
	connections.max.reauth.ms = 0
	control.plane.listener.name = null
	controlled.shutdown.enable = false
	controlled.shutdown.max.retries = 3
	controlled.shutdown.retry.backoff.ms = 100
	controller.listener.names = null
	controller.quorum.append.linger.ms = 25
	controller.quorum.election.backoff.max.ms = 1000
	controller.quorum.election.timeout.ms = 1000
	controller.quorum.fetch.timeout.ms = 2000
	controller.quorum.request.timeout.ms = 2000
	controller.quorum.retry.backoff.ms = 20
	controller.quorum.voters = []
	controller.quota.window.num = 11
	controller.quota.window.size.seconds = 1
	controller.socket.timeout.ms = 1000
	create.topic.policy.class.name = null
	default.replication.factor = 1
	delegation.token.expiry.check.interval.ms = 3600000
	delegation.token.expiry.time.ms = 86400000
	delegation.token.master.key = null
	delegation.token.max.lifetime.ms = 604800000
	delegation.token.secret.key = null
	delete.records.purgatory.purge.interval.requests = 1
	delete.topic.enable = true
	early.start.listeners = null
	fetch.max.bytes = 57671680
	fetch.purgatory.purge.interval.requests = 1000
	group.initial.rebalance.delay.ms = 0
	group.max.session.timeout.ms = 1800000
	group.max.size = 2147483647
	group.min.session.timeout.ms = 6000
	initial.broker.registration.timeout.ms = 60000
	inter.broker.listener.name = null
	inter.broker.protocol.version = 3.3-IV3
	kafka.metrics.polling.interval.secs = 10
	kafka.metrics.reporters = []
	leader.imbalance.check.interval.seconds = 300
	leader.imbalance.per.broker.percentage = 10
	listener.security.protocol.map = PLAINTEXT:PLAINTEXT,SSL:SSL,SASL_PLAINTEXT:SASL_PLAINTEXT,SASL_SSL:SASL_SSL
	listeners = PLAINTEXT://localhost:0
	log.cleaner.backoff.ms = 15000
	log.cleaner.dedupe.buffer.size = 2097152
	log.cleaner.delete.retention.ms = 86400000
	log.cleaner.enable = true
	log.cleaner.io.buffer.load.factor = 0.9
	log.cleaner.io.buffer.size = 524288
	log.cleaner.io.max.bytes.per.second = 1.7976931348623157E308
	log.cleaner.max.compaction.lag.ms = 9223372036854775807
	log.cleaner.min.cleanable.ratio = 0.5
	log.cleaner.min.compaction.lag.ms = 0
	log.cleaner.threads = 1
	log.cleanup.policy = [delete]
	log.dir = /var/folders/gr/dw9st56s3gj30gltjs1m4f5m0000gq/T/spring.kafka.be131a80-3a19-4593-bfc7-b197dfe53b394648609370573781654
	log.dirs = null
	log.flush.interval.messages = 9223372036854775807
	log.flush.interval.ms = null
	log.flush.offset.checkpoint.interval.ms = 60000
	log.flush.scheduler.interval.ms = 9223372036854775807
	log.flush.start.offset.checkpoint.interval.ms = 60000
	log.index.interval.bytes = 4096
	log.index.size.max.bytes = 10485760
	log.message.downconversion.enable = true
	log.message.format.version = 3.0-IV1
	log.message.timestamp.difference.max.ms = 9223372036854775807
	log.message.timestamp.type = CreateTime
	log.preallocate = false
	log.retention.bytes = -1
	log.retention.check.interval.ms = 300000
	log.retention.hours = 168
	log.retention.minutes = null
	log.retention.ms = null
	log.roll.hours = 168
	log.roll.jitter.hours = 0
	log.roll.jitter.ms = null
	log.roll.ms = null
	log.segment.bytes = 1073741824
	log.segment.delete.delay.ms = 1000
	max.connection.creation.rate = 2147483647
	max.connections = 2147483647
	max.connections.per.ip = 2147483647
	max.connections.per.ip.overrides = 
	max.incremental.fetch.session.cache.slots = 1000
	message.max.bytes = 1048588
	metadata.log.dir = null
	metadata.log.max.record.bytes.between.snapshots = 20971520
	metadata.log.segment.bytes = 1073741824
	metadata.log.segment.min.bytes = 8388608
	metadata.log.segment.ms = 604800000
	metadata.max.idle.interval.ms = 500
	metadata.max.retention.bytes = -1
	metadata.max.retention.ms = 604800000
	metric.reporters = []
	metrics.num.samples = 2
	metrics.recording.level = INFO
	metrics.sample.window.ms = 30000
	min.insync.replicas = 1
	node.id = 0
	num.io.threads = 8
	num.network.threads = 3
	num.partitions = 1
	num.recovery.threads.per.data.dir = 1
	num.replica.alter.log.dirs.threads = null
	num.replica.fetchers = 1
	offset.metadata.max.bytes = 4096
	offsets.commit.required.acks = -1
	offsets.commit.timeout.ms = 5000
	offsets.load.buffer.size = 5242880
	offsets.retention.check.interval.ms = 600000
	offsets.retention.minutes = 10080
	offsets.topic.compression.codec = 0
	offsets.topic.num.partitions = 5
	offsets.topic.replication.factor = 1
	offsets.topic.segment.bytes = 104857600
	password.encoder.cipher.algorithm = AES/CBC/PKCS5Padding
	password.encoder.iterations = 4096
	password.encoder.key.length = 128
	password.encoder.keyfactory.algorithm = null
	password.encoder.old.secret = null
	password.encoder.secret = null
	principal.builder.class = class org.apache.kafka.common.security.authenticator.DefaultKafkaPrincipalBuilder
	process.roles = []
	producer.purgatory.purge.interval.requests = 1000
	queued.max.request.bytes = -1
	queued.max.requests = 500
	quota.window.num = 11
	quota.window.size.seconds = 1
	remote.log.index.file.cache.total.size.bytes = 1073741824
	remote.log.manager.task.interval.ms = 30000
	remote.log.manager.task.retry.backoff.max.ms = 30000
	remote.log.manager.task.retry.backoff.ms = 500
	remote.log.manager.task.retry.jitter = 0.2
	remote.log.manager.thread.pool.size = 10
	remote.log.metadata.manager.class.name = null
	remote.log.metadata.manager.class.path = null
	remote.log.metadata.manager.impl.prefix = null
	remote.log.metadata.manager.listener.name = null
	remote.log.reader.max.pending.tasks = 100
	remote.log.reader.threads = 10
	remote.log.storage.manager.class.name = null
	remote.log.storage.manager.class.path = null
	remote.log.storage.manager.impl.prefix = null
	remote.log.storage.system.enable = false
	replica.fetch.backoff.ms = 1000
	replica.fetch.max.bytes = 1048576
	replica.fetch.min.bytes = 1
	replica.fetch.response.max.bytes = 10485760
	replica.fetch.wait.max.ms = 500
	replica.high.watermark.checkpoint.interval.ms = 9223372036854775807
	replica.lag.time.max.ms = 30000
	replica.selector.class = null
	replica.socket.receive.buffer.bytes = 65536
	replica.socket.timeout.ms = 1000
	replication.quota.window.num = 11
	replication.quota.window.size.seconds = 1
	request.timeout.ms = 30000
	reserved.broker.max.id = 1000
	sasl.client.callback.handler.class = null
	sasl.enabled.mechanisms = [GSSAPI]
	sasl.jaas.config = null
	sasl.kerberos.kinit.cmd = /usr/bin/kinit
	sasl.kerberos.min.time.before.relogin = 60000
	sasl.kerberos.principal.to.local.rules = [DEFAULT]
	sasl.kerberos.service.name = null
	sasl.kerberos.ticket.renew.jitter = 0.05
	sasl.kerberos.ticket.renew.window.factor = 0.8
	sasl.login.callback.handler.class = null
	sasl.login.class = null
	sasl.login.connect.timeout.ms = null
	sasl.login.read.timeout.ms = null
	sasl.login.refresh.buffer.seconds = 300
	sasl.login.refresh.min.period.seconds = 60
	sasl.login.refresh.window.factor = 0.8
	sasl.login.refresh.window.jitter = 0.05
	sasl.login.retry.backoff.max.ms = 10000
	sasl.login.retry.backoff.ms = 100
	sasl.mechanism.controller.protocol = GSSAPI
	sasl.mechanism.inter.broker.protocol = GSSAPI
	sasl.oauthbearer.clock.skew.seconds = 30
	sasl.oauthbearer.expected.audience = null
	sasl.oauthbearer.expected.issuer = null
	sasl.oauthbearer.jwks.endpoint.refresh.ms = 3600000
	sasl.oauthbearer.jwks.endpoint.retry.backoff.max.ms = 10000
	sasl.oauthbearer.jwks.endpoint.retry.backoff.ms = 100
	sasl.oauthbearer.jwks.endpoint.url = null
	sasl.oauthbearer.scope.claim.name = scope
	sasl.oauthbearer.sub.claim.name = sub
	sasl.oauthbearer.token.endpoint.url = null
	sasl.server.callback.handler.class = null
	sasl.server.max.receive.size = 524288
	security.inter.broker.protocol = PLAINTEXT
	security.providers = null
	socket.connection.setup.timeout.max.ms = 30000
	socket.connection.setup.timeout.ms = 10000
	socket.listen.backlog.size = 50
	socket.receive.buffer.bytes = 102400
	socket.request.max.bytes = 104857600
	socket.send.buffer.bytes = 102400
	ssl.cipher.suites = []
	ssl.client.auth = none
	ssl.enabled.protocols = [TLSv1.2, TLSv1.3]
	ssl.endpoint.identification.algorithm = https
	ssl.engine.factory.class = null
	ssl.key.password = null
	ssl.keymanager.algorithm = SunX509
	ssl.keystore.certificate.chain = null
	ssl.keystore.key = null
	ssl.keystore.location = null
	ssl.keystore.password = null
	ssl.keystore.type = JKS
	ssl.principal.mapping.rules = DEFAULT
	ssl.protocol = TLSv1.3
	ssl.provider = null
	ssl.secure.random.implementation = null
	ssl.trustmanager.algorithm = PKIX
	ssl.truststore.certificates = null
	ssl.truststore.location = null
	ssl.truststore.password = null
	ssl.truststore.type = JKS
	transaction.abort.timed.out.transaction.cleanup.interval.ms = 10000
	transaction.max.timeout.ms = 900000
	transaction.remove.expired.transaction.cleanup.interval.ms = 3600000
	transaction.state.log.load.buffer.size = 5242880
	transaction.state.log.min.isr = 2
	transaction.state.log.num.partitions = 50
	transaction.state.log.replication.factor = 3
	transaction.state.log.segment.bytes = 104857600
	transactional.id.expiration.ms = 604800000
	unclean.leader.election.enable = false
	zookeeper.clientCnxnSocket = null
	zookeeper.connect = 127.0.0.1:56480
	zookeeper.connection.timeout.ms = 10000
	zookeeper.max.in.flight.requests = 10
	zookeeper.session.timeout.ms = 18000
	zookeeper.set.acl = false
	zookeeper.ssl.cipher.suites = null
	zookeeper.ssl.client.enable = false
	zookeeper.ssl.crl.enable = false
	zookeeper.ssl.enabled.protocols = null
	zookeeper.ssl.endpoint.identification.algorithm = HTTPS
	zookeeper.ssl.keystore.location = null
	zookeeper.ssl.keystore.password = null
	zookeeper.ssl.keystore.type = null
	zookeeper.ssl.ocsp.enable = false
	zookeeper.ssl.protocol = TLSv1.2
	zookeeper.ssl.truststore.location = null
	zookeeper.ssl.truststore.password = null
	zookeeper.ssl.truststore.type = null

2025-01-27 01:13:03 - Setting -D jdk.tls.rejectClientInitiatedRenegotiation=true to disable client-initiated TLS renegotiation
2025-01-27 01:13:03 - starting
2025-01-27 01:13:03 - Connecting to zookeeper on 127.0.0.1:56480
2025-01-27 01:13:03 - [ZooKeeperClient Kafka server] Initializing a new session to 127.0.0.1:56480.
2025-01-27 01:13:03 - Client environment:zookeeper.version=3.6.3--6401e4ad2087061bc6b9f80dec2d69f2e3c8660a, built on 04/08/2021 16:35 GMT
2025-01-27 01:13:03 - Client environment:host.name=192.168.1.25
2025-01-27 01:13:03 - Client environment:java.version=17.0.7
2025-01-27 01:13:03 - Client environment:java.vendor=Oracle Corporation
2025-01-27 01:13:03 - Client environment:java.home=/Library/Java/JavaVirtualMachines/jdk-17.jdk/Contents/Home
2025-01-27 01:13:03 - Client environment:java.class.path=/Users/a0p07mo/Documents/workspace-spring-tool-suite-4-4.18.0.RELEASE/CcmsService/target/test-classes:/Users/a0p07mo/Documents/workspace-spring-tool-suite-4-4.18.0.RELEASE/CcmsService/target/classes:/Users/a0p07mo/.m2/repository/org/springframework/boot/spring-boot-starter-data-mongodb/3.0.12/spring-boot-starter-data-mongodb-3.0.12.jar:/Users/a0p07mo/.m2/repository/org/springframework/boot/spring-boot-starter/3.0.12/spring-boot-starter-3.0.12.jar:/Users/a0p07mo/.m2/repository/org/springframework/boot/spring-boot/3.0.12/spring-boot-3.0.12.jar:/Users/a0p07mo/.m2/repository/org/springframework/boot/spring-boot-autoconfigure/3.0.12/spring-boot-autoconfigure-3.0.12.jar:/Users/a0p07mo/.m2/repository/jakarta/annotation/jakarta.annotation-api/2.1.1/jakarta.annotation-api-2.1.1.jar:/Users/a0p07mo/.m2/repository/org/yaml/snakeyaml/1.33/snakeyaml-1.33.jar:/Users/a0p07mo/.m2/repository/org/mongodb/mongodb-driver-sync/4.8.2/mongodb-driver-sync-4.8.2.jar:/Users/a0p07mo/.m2/repository/org/mongodb/bson/4.8.2/bson-4.8.2.jar:/Users/a0p07mo/.m2/repository/org/mongodb/mongodb-driver-core/4.8.2/mongodb-driver-core-4.8.2.jar:/Users/a0p07mo/.m2/repository/org/mongodb/bson-record-codec/4.8.2/bson-record-codec-4.8.2.jar:/Users/a0p07mo/.m2/repository/org/springframework/data/spring-data-mongodb/4.0.11/spring-data-mongodb-4.0.11.jar:/Users/a0p07mo/.m2/repository/org/springframework/spring-beans/6.0.13/spring-beans-6.0.13.jar:/Users/a0p07mo/.m2/repository/org/springframework/spring-expression/6.0.13/spring-expression-6.0.13.jar:/Users/a0p07mo/.m2/repository/org/springframework/data/spring-data-commons/3.0.11/spring-data-commons-3.0.11.jar:/Users/a0p07mo/.m2/repository/org/springframework/boot/spring-boot-starter-web/3.0.12/spring-boot-starter-web-3.0.12.jar:/Users/a0p07mo/.m2/repository/org/springframework/boot/spring-boot-starter-json/3.0.12/spring-boot-starter-json-3.0.12.jar:/Users/a0p07mo/.m2/repository/com/fasterxml/jackson/datatype/jackson-datatype-jdk8/2.14.3/jackson-datatype-jdk8-2.14.3.jar:/Users/a0p07mo/.m2/repository/com/fasterxml/jackson/datatype/jackson-datatype-jsr310/2.14.3/jackson-datatype-jsr310-2.14.3.jar:/Users/a0p07mo/.m2/repository/com/fasterxml/jackson/module/jackson-module-parameter-names/2.14.3/jackson-module-parameter-names-2.14.3.jar:/Users/a0p07mo/.m2/repository/org/springframework/boot/spring-boot-starter-tomcat/3.0.12/spring-boot-starter-tomcat-3.0.12.jar:/Users/a0p07mo/.m2/repository/org/apache/tomcat/embed/tomcat-embed-core/10.1.15/tomcat-embed-core-10.1.15.jar:/Users/a0p07mo/.m2/repository/org/apache/tomcat/embed/tomcat-embed-websocket/10.1.15/tomcat-embed-websocket-10.1.15.jar:/Users/a0p07mo/.m2/repository/org/springframework/spring-web/6.0.13/spring-web-6.0.13.jar:/Users/a0p07mo/.m2/repository/org/springframework/spring-webmvc/6.0.13/spring-webmvc-6.0.13.jar:/Users/a0p07mo/.m2/repository/org/apache/kafka/kafka-streams/3.3.2/kafka-streams-3.3.2.jar:/Users/a0p07mo/.m2/repository/org/apache/kafka/kafka-clients/3.3.2/kafka-clients-3.3.2.jar:/Users/a0p07mo/.m2/repository/com/github/luben/zstd-jni/1.5.2-1/zstd-jni-1.5.2-1.jar:/Users/a0p07mo/.m2/repository/org/lz4/lz4-java/1.8.0/lz4-java-1.8.0.jar:/Users/a0p07mo/.m2/repository/org/xerial/snappy/snappy-java/1.1.8.4/snappy-java-1.1.8.4.jar:/Users/a0p07mo/.m2/repository/org/rocksdb/rocksdbjni/7.1.2/rocksdbjni-7.1.2.jar:/Users/a0p07mo/.m2/repository/org/slf4j/slf4j-api/2.0.9/slf4j-api-2.0.9.jar:/Users/a0p07mo/.m2/repository/com/fasterxml/jackson/core/jackson-annotations/2.14.3/jackson-annotations-2.14.3.jar:/Users/a0p07mo/.m2/repository/org/springframework/kafka/spring-kafka/3.0.12/spring-kafka-3.0.12.jar:/Users/a0p07mo/.m2/repository/org/springframework/spring-context/6.0.13/spring-context-6.0.13.jar:/Users/a0p07mo/.m2/repository/org/springframework/spring-messaging/6.0.13/spring-messaging-6.0.13.jar:/Users/a0p07mo/.m2/repository/org/springframework/spring-tx/6.0.13/spring-tx-6.0.13.jar:/Users/a0p07mo/.m2/repository/org/springframework/retry/spring-retry/2.0.4/spring-retry-2.0.4.jar:/Users/a0p07mo/.m2/repository/io/micrometer/micrometer-observation/1.10.12/micrometer-observation-1.10.12.jar:/Users/a0p07mo/.m2/repository/io/micrometer/micrometer-commons/1.10.12/micrometer-commons-1.10.12.jar:/Users/a0p07mo/.m2/repository/com/google/code/findbugs/jsr305/3.0.2/jsr305-3.0.2.jar:/Users/a0p07mo/.m2/repository/org/springframework/boot/spring-boot-starter-actuator/3.0.12/spring-boot-starter-actuator-3.0.12.jar:/Users/a0p07mo/.m2/repository/org/springframework/boot/spring-boot-actuator-autoconfigure/3.0.12/spring-boot-actuator-autoconfigure-3.0.12.jar:/Users/a0p07mo/.m2/repository/org/springframework/boot/spring-boot-actuator/3.0.12/spring-boot-actuator-3.0.12.jar:/Users/a0p07mo/.m2/repository/io/micrometer/micrometer-core/1.10.12/micrometer-core-1.10.12.jar:/Users/a0p07mo/.m2/repository/org/hdrhistogram/HdrHistogram/2.1.12/HdrHistogram-2.1.12.jar:/Users/a0p07mo/.m2/repository/org/latencyutils/LatencyUtils/2.0.3/LatencyUtils-2.0.3.jar:/Users/a0p07mo/.m2/repository/io/micrometer/micrometer-registry-prometheus/1.10.12/micrometer-registry-prometheus-1.10.12.jar:/Users/a0p07mo/.m2/repository/io/prometheus/simpleclient_common/0.16.0/simpleclient_common-0.16.0.jar:/Users/a0p07mo/.m2/repository/io/prometheus/simpleclient/0.16.0/simpleclient-0.16.0.jar:/Users/a0p07mo/.m2/repository/io/prometheus/simpleclient_tracer_otel/0.16.0/simpleclient_tracer_otel-0.16.0.jar:/Users/a0p07mo/.m2/repository/io/prometheus/simpleclient_tracer_common/0.16.0/simpleclient_tracer_common-0.16.0.jar:/Users/a0p07mo/.m2/repository/io/prometheus/simpleclient_tracer_otel_agent/0.16.0/simpleclient_tracer_otel_agent-0.16.0.jar:/Users/a0p07mo/.m2/repository/org/springframework/cloud/spring-cloud-starter-netflix-eureka-client/4.0.4/spring-cloud-starter-netflix-eureka-client-4.0.4.jar:/Users/a0p07mo/.m2/repository/org/springframework/cloud/spring-cloud-starter/4.0.5/spring-cloud-starter-4.0.5.jar:/Users/a0p07mo/.m2/repository/org/springframework/cloud/spring-cloud-context/4.0.5/spring-cloud-context-4.0.5.jar:/Users/a0p07mo/.m2/repository/org/springframework/security/spring-security-crypto/6.0.8/spring-security-crypto-6.0.8.jar:/Users/a0p07mo/.m2/repository/org/springframework/cloud/spring-cloud-commons/4.0.5/spring-cloud-commons-4.0.5.jar:/Users/a0p07mo/.m2/repository/org/springframework/security/spring-security-rsa/1.0.12.RELEASE/spring-security-rsa-1.0.12.RELEASE.jar:/Users/a0p07mo/.m2/repository/org/bouncycastle/bcpkix-jdk18on/1.73/bcpkix-jdk18on-1.73.jar:/Users/a0p07mo/.m2/repository/org/bouncycastle/bcprov-jdk18on/1.73/bcprov-jdk18on-1.73.jar:/Users/a0p07mo/.m2/repository/org/bouncycastle/bcutil-jdk18on/1.73/bcutil-jdk18on-1.73.jar:/Users/a0p07mo/.m2/repository/org/springframework/cloud/spring-cloud-netflix-eureka-client/4.0.4/spring-cloud-netflix-eureka-client-4.0.4.jar:/Users/a0p07mo/.m2/repository/org/apache/httpcomponents/client5/httpclient5/5.1.4/httpclient5-5.1.4.jar:/Users/a0p07mo/.m2/repository/org/apache/httpcomponents/core5/httpcore5/5.1.5/httpcore5-5.1.5.jar:/Users/a0p07mo/.m2/repository/org/apache/httpcomponents/core5/httpcore5-h2/5.1.5/httpcore5-h2-5.1.5.jar:/Users/a0p07mo/.m2/repository/commons-codec/commons-codec/1.15/commons-codec-1.15.jar:/Users/a0p07mo/.m2/repository/com/netflix/eureka/eureka-client/2.0.1/eureka-client-2.0.1.jar:/Users/a0p07mo/.m2/repository/com/netflix/netflix-commons/netflix-eventbus/0.3.0/netflix-eventbus-0.3.0.jar:/Users/a0p07mo/.m2/repository/com/netflix/netflix-commons/netflix-infix/0.3.0/netflix-infix-0.3.0.jar:/Users/a0p07mo/.m2/repository/commons-jxpath/commons-jxpath/1.3/commons-jxpath-1.3.jar:/Users/a0p07mo/.m2/repository/joda-time/joda-time/2.3/joda-time-2.3.jar:/Users/a0p07mo/.m2/repository/org/antlr/antlr-runtime/3.4/antlr-runtime-3.4.jar:/Users/a0p07mo/.m2/repository/org/antlr/stringtemplate/3.2.1/stringtemplate-3.2.1.jar:/Users/a0p07mo/.m2/repository/antlr/antlr/2.7.7/antlr-2.7.7.jar:/Users/a0p07mo/.m2/repository/com/google/code/gson/gson/2.9.1/gson-2.9.1.jar:/Users/a0p07mo/.m2/repository/org/apache/commons/commons-math/2.2/commons-math-2.2.jar:/Users/a0p07mo/.m2/repository/com/thoughtworks/xstream/xstream/1.4.19/xstream-1.4.19.jar:/Users/a0p07mo/.m2/repository/io/github/x-stream/mxparser/1.2.2/mxparser-1.2.2.jar:/Users/a0p07mo/.m2/repository/xmlpull/xmlpull/1.1.3.1/xmlpull-1.1.3.1.jar:/Users/a0p07mo/.m2/repository/jakarta/ws/rs/jakarta.ws.rs-api/3.1.0/jakarta.ws.rs-api-3.1.0.jar:/Users/a0p07mo/.m2/repository/jakarta/inject/jakarta.inject-api/2.0.1/jakarta.inject-api-2.0.1.jar:/Users/a0p07mo/.m2/repository/com/netflix/servo/servo-core/0.12.21/servo-core-0.12.21.jar:/Users/a0p07mo/.m2/repository/com/google/guava/guava/19.0/guava-19.0.jar:/Users/a0p07mo/.m2/repository/org/apache/httpcomponents/httpclient/4.5.14/httpclient-4.5.14.jar:/Users/a0p07mo/.m2/repository/org/apache/httpcomponents/httpcore/4.4.16/httpcore-4.4.16.jar:/Users/a0p07mo/.m2/repository/commons-configuration/commons-configuration/1.10/commons-configuration-1.10.jar:/Users/a0p07mo/.m2/repository/commons-lang/commons-lang/2.6/commons-lang-2.6.jar:/Users/a0p07mo/.m2/repository/org/codehaus/jettison/jettison/1.4.0/jettison-1.4.0.jar:/Users/a0p07mo/.m2/repository/com/netflix/eureka/eureka-core/2.0.1/eureka-core-2.0.1.jar:/Users/a0p07mo/.m2/repository/com/fasterxml/woodstox/woodstox-core/6.2.1/woodstox-core-6.2.1.jar:/Users/a0p07mo/.m2/repository/org/codehaus/woodstox/stax2-api/4.2.1/stax2-api-4.2.1.jar:/Users/a0p07mo/.m2/repository/org/springframework/cloud/spring-cloud-starter-loadbalancer/4.0.5/spring-cloud-starter-loadbalancer-4.0.5.jar:/Users/a0p07mo/.m2/repository/org/springframework/cloud/spring-cloud-loadbalancer/4.0.5/spring-cloud-loadbalancer-4.0.5.jar:/Users/a0p07mo/.m2/repository/io/projectreactor/reactor-core/3.5.11/reactor-core-3.5.11.jar:/Users/a0p07mo/.m2/repository/org/reactivestreams/reactive-streams/1.0.4/reactive-streams-1.0.4.jar:/Users/a0p07mo/.m2/repository/io/projectreactor/addons/reactor-extra/3.5.1/reactor-extra-3.5.1.jar:/Users/a0p07mo/.m2/repository/org/springframework/boot/spring-boot-starter-cache/3.0.12/spring-boot-starter-cache-3.0.12.jar:/Users/a0p07mo/.m2/repository/org/springframework/spring-context-support/6.0.13/spring-context-support-6.0.13.jar:/Users/a0p07mo/.m2/repository/com/stoyanr/evictor/1.0.0/evictor-1.0.0.jar:/Users/a0p07mo/.m2/repository/org/springframework/cloud/spring-cloud-starter-circuitbreaker-resilience4j/3.0.4/spring-cloud-starter-circuitbreaker-resilience4j-3.0.4.jar:/Users/a0p07mo/.m2/repository/org/springframework/cloud/spring-cloud-circuitbreaker-resilience4j/3.0.4/spring-cloud-circuitbreaker-resilience4j-3.0.4.jar:/Users/a0p07mo/.m2/repository/io/github/resilience4j/resilience4j-spring-boot3/2.0.2/resilience4j-spring-boot3-2.0.2.jar:/Users/a0p07mo/.m2/repository/io/github/resilience4j/resilience4j-spring6/2.0.2/resilience4j-spring6-2.0.2.jar:/Users/a0p07mo/.m2/repository/io/github/resilience4j/resilience4j-annotations/2.0.2/resilience4j-annotations-2.0.2.jar:/Users/a0p07mo/.m2/repository/io/github/resilience4j/resilience4j-consumer/2.0.2/resilience4j-consumer-2.0.2.jar:/Users/a0p07mo/.m2/repository/io/github/resilience4j/resilience4j-circularbuffer/2.0.2/resilience4j-circularbuffer-2.0.2.jar:/Users/a0p07mo/.m2/repository/io/github/resilience4j/resilience4j-framework-common/2.0.2/resilience4j-framework-common-2.0.2.jar:/Users/a0p07mo/.m2/repository/io/github/resilience4j/resilience4j-micrometer/2.0.2/resilience4j-micrometer-2.0.2.jar:/Users/a0p07mo/.m2/repository/io/github/resilience4j/resilience4j-retry/2.0.2/resilience4j-retry-2.0.2.jar:/Users/a0p07mo/.m2/repository/io/github/resilience4j/resilience4j-ratelimiter/2.0.2/resilience4j-ratelimiter-2.0.2.jar:/Users/a0p07mo/.m2/repository/io/github/resilience4j/resilience4j-circuitbreaker/2.0.2/resilience4j-circuitbreaker-2.0.2.jar:/Users/a0p07mo/.m2/repository/io/github/resilience4j/resilience4j-core/2.0.2/resilience4j-core-2.0.2.jar:/Users/a0p07mo/.m2/repository/io/github/resilience4j/resilience4j-timelimiter/2.0.2/resilience4j-timelimiter-2.0.2.jar:/Users/a0p07mo/.m2/repository/org/springframework/boot/spring-boot-starter-aop/3.0.4/spring-boot-starter-aop-3.0.4.jar:/Users/a0p07mo/.m2/repository/org/springframework/spring-aop/6.0.13/spring-aop-6.0.13.jar:/Users/a0p07mo/.m2/repository/org/aspectj/aspectjweaver/1.9.20/aspectjweaver-1.9.20.jar:/Users/a0p07mo/.m2/repository/org/junit/jupiter/junit-jupiter-api/5.7.1/junit-jupiter-api-5.7.1.jar:/Users/a0p07mo/.m2/repository/org/apiguardian/apiguardian-api/1.1.0/apiguardian-api-1.1.0.jar:/Users/a0p07mo/.m2/repository/org/opentest4j/opentest4j/1.2.0/opentest4j-1.2.0.jar:/Users/a0p07mo/.m2/repository/org/junit/platform/junit-platform-commons/1.9.3/junit-platform-commons-1.9.3.jar:/Users/a0p07mo/.m2/repository/org/junit/jupiter/junit-jupiter-engine/5.7.1/junit-jupiter-engine-5.7.1.jar:/Users/a0p07mo/.m2/repository/org/junit/platform/junit-platform-engine/1.9.3/junit-platform-engine-1.9.3.jar:/Users/a0p07mo/.m2/repository/org/junit/vintage/junit-vintage-engine/5.7.0/junit-vintage-engine-5.7.0.jar:/Users/a0p07mo/.m2/repository/junit/junit/4.13.2/junit-4.13.2.jar:/Users/a0p07mo/.m2/repository/org/hamcrest/hamcrest-core/2.2/hamcrest-core-2.2.jar:/Users/a0p07mo/.m2/repository/org/mockito/mockito-core/3.6.28/mockito-core-3.6.28.jar:/Users/a0p07mo/.m2/repository/net/bytebuddy/byte-buddy/1.12.23/byte-buddy-1.12.23.jar:/Users/a0p07mo/.m2/repository/net/bytebuddy/byte-buddy-agent/1.12.23/byte-buddy-agent-1.12.23.jar:/Users/a0p07mo/.m2/repository/org/objenesis/objenesis/3.1/objenesis-3.1.jar:/Users/a0p07mo/.m2/repository/org/mockito/mockito-junit-jupiter/3.6.28/mockito-junit-jupiter-3.6.28.jar:/Users/a0p07mo/.m2/repository/org/springframework/kafka/spring-kafka-test/3.0.12/spring-kafka-test-3.0.12.jar:/Users/a0p07mo/.m2/repository/org/springframework/spring-test/6.0.13/spring-test-6.0.13.jar:/Users/a0p07mo/.m2/repository/org/apache/zookeeper/zookeeper/3.6.3/zookeeper-3.6.3.jar:/Users/a0p07mo/.m2/repository/org/apache/zookeeper/zookeeper-jute/3.6.3/zookeeper-jute-3.6.3.jar:/Users/a0p07mo/.m2/repository/org/apache/yetus/audience-annotations/0.5.0/audience-annotations-0.5.0.jar:/Users/a0p07mo/.m2/repository/io/netty/netty-handler/4.1.100.Final/netty-handler-4.1.100.Final.jar:/Users/a0p07mo/.m2/repository/io/netty/netty-common/4.1.100.Final/netty-common-4.1.100.Final.jar:/Users/a0p07mo/.m2/repository/io/netty/netty-resolver/4.1.100.Final/netty-resolver-4.1.100.Final.jar:/Users/a0p07mo/.m2/repository/io/netty/netty-buffer/4.1.100.Final/netty-buffer-4.1.100.Final.jar:/Users/a0p07mo/.m2/repository/io/netty/netty-transport/4.1.100.Final/netty-transport-4.1.100.Final.jar:/Users/a0p07mo/.m2/repository/io/netty/netty-transport-native-unix-common/4.1.100.Final/netty-transport-native-unix-common-4.1.100.Final.jar:/Users/a0p07mo/.m2/repository/io/netty/netty-codec/4.1.100.Final/netty-codec-4.1.100.Final.jar:/Users/a0p07mo/.m2/repository/io/netty/netty-transport-native-epoll/4.1.100.Final/netty-transport-native-epoll-4.1.100.Final.jar:/Users/a0p07mo/.m2/repository/io/netty/netty-transport-classes-epoll/4.1.100.Final/netty-transport-classes-epoll-4.1.100.Final.jar:/Users/a0p07mo/.m2/repository/org/apache/kafka/kafka-clients/3.3.2/kafka-clients-3.3.2-test.jar:/Users/a0p07mo/.m2/repository/org/apache/kafka/kafka-metadata/3.3.2/kafka-metadata-3.3.2.jar:/Users/a0p07mo/.m2/repository/org/apache/kafka/kafka-server-common/3.3.2/kafka-server-common-3.3.2.jar:/Users/a0p07mo/.m2/repository/org/apache/kafka/kafka-raft/3.3.2/kafka-raft-3.3.2.jar:/Users/a0p07mo/.m2/repository/com/yammer/metrics/metrics-core/2.2.0/metrics-core-2.2.0.jar:/Users/a0p07mo/.m2/repository/org/apache/kafka/kafka-streams-test-utils/3.3.2/kafka-streams-test-utils-3.3.2.jar:/Users/a0p07mo/.m2/repository/org/apache/kafka/kafka_2.13/3.3.2/kafka_2.13-3.3.2.jar:/Users/a0p07mo/.m2/repository/org/scala-lang/scala-library/2.13.8/scala-library-2.13.8.jar:/Users/a0p07mo/.m2/repository/org/apache/kafka/kafka-storage/3.3.2/kafka-storage-3.3.2.jar:/Users/a0p07mo/.m2/repository/org/apache/kafka/kafka-storage-api/3.3.2/kafka-storage-api-3.3.2.jar:/Users/a0p07mo/.m2/repository/net/sourceforge/argparse4j/argparse4j/0.7.0/argparse4j-0.7.0.jar:/Users/a0p07mo/.m2/repository/com/fasterxml/jackson/module/jackson-module-scala_2.13/2.14.3/jackson-module-scala_2.13-2.14.3.jar:/Users/a0p07mo/.m2/repository/com/thoughtworks/paranamer/paranamer/2.8/paranamer-2.8.jar:/Users/a0p07mo/.m2/repository/com/fasterxml/jackson/dataformat/jackson-dataformat-csv/2.14.3/jackson-dataformat-csv-2.14.3.jar:/Users/a0p07mo/.m2/repository/net/sf/jopt-simple/jopt-simple/5.0.4/jopt-simple-5.0.4.jar:/Users/a0p07mo/.m2/repository/org/bitbucket/b_c/jose4j/0.7.9/jose4j-0.7.9.jar:/Users/a0p07mo/.m2/repository/org/scala-lang/modules/scala-collection-compat_2.13/2.6.0/scala-collection-compat_2.13-2.6.0.jar:/Users/a0p07mo/.m2/repository/org/scala-lang/modules/scala-java8-compat_2.13/1.0.2/scala-java8-compat_2.13-1.0.2.jar:/Users/a0p07mo/.m2/repository/org/scala-lang/scala-reflect/2.13.8/scala-reflect-2.13.8.jar:/Users/a0p07mo/.m2/repository/com/typesafe/scala-logging/scala-logging_2.13/3.9.4/scala-logging_2.13-3.9.4.jar:/Users/a0p07mo/.m2/repository/io/dropwizard/metrics/metrics-core/4.2.21/metrics-core-4.2.21.jar:/Users/a0p07mo/.m2/repository/commons-cli/commons-cli/1.4/commons-cli-1.4.jar:/Users/a0p07mo/.m2/repository/org/apache/kafka/kafka_2.13/3.3.2/kafka_2.13-3.3.2-test.jar:/Users/a0p07mo/.m2/repository/org/junit/platform/junit-platform-launcher/1.9.3/junit-platform-launcher-1.9.3.jar:/Users/a0p07mo/.m2/repository/org/springframework/boot/spring-boot-starter-test/3.0.12/spring-boot-starter-test-3.0.12.jar:/Users/a0p07mo/.m2/repository/org/springframework/boot/spring-boot-test/3.0.12/spring-boot-test-3.0.12.jar:/Users/a0p07mo/.m2/repository/org/springframework/boot/spring-boot-test-autoconfigure/3.0.12/spring-boot-test-autoconfigure-3.0.12.jar:/Users/a0p07mo/.m2/repository/com/jayway/jsonpath/json-path/2.7.0/json-path-2.7.0.jar:/Users/a0p07mo/.m2/repository/net/minidev/json-smart/2.4.11/json-smart-2.4.11.jar:/Users/a0p07mo/.m2/repository/net/minidev/accessors-smart/2.4.11/accessors-smart-2.4.11.jar:/Users/a0p07mo/.m2/repository/org/ow2/asm/asm/9.3/asm-9.3.jar:/Users/a0p07mo/.m2/repository/jakarta/xml/bind/jakarta.xml.bind-api/4.0.1/jakarta.xml.bind-api-4.0.1.jar:/Users/a0p07mo/.m2/repository/jakarta/activation/jakarta.activation-api/2.1.2/jakarta.activation-api-2.1.2.jar:/Users/a0p07mo/.m2/repository/org/assertj/assertj-core/3.23.1/assertj-core-3.23.1.jar:/Users/a0p07mo/.m2/repository/org/hamcrest/hamcrest/2.2/hamcrest-2.2.jar:/Users/a0p07mo/.m2/repository/org/junit/jupiter/junit-jupiter/5.9.3/junit-jupiter-5.9.3.jar:/Users/a0p07mo/.m2/repository/org/junit/jupiter/junit-jupiter-params/5.9.3/junit-jupiter-params-5.9.3.jar:/Users/a0p07mo/.m2/repository/org/skyscreamer/jsonassert/1.5.1/jsonassert-1.5.1.jar:/Users/a0p07mo/.m2/repository/com/vaadin/external/google/android-json/0.0.20131108.vaadin1/android-json-0.0.20131108.vaadin1.jar:/Users/a0p07mo/.m2/repository/org/springframework/spring-core/6.0.13/spring-core-6.0.13.jar:/Users/a0p07mo/.m2/repository/org/springframework/spring-jcl/6.0.13/spring-jcl-6.0.13.jar:/Users/a0p07mo/.m2/repository/org/xmlunit/xmlunit-core/2.9.1/xmlunit-core-2.9.1.jar:/Users/a0p07mo/.m2/repository/org/projectlombok/lombok/1.18.30/lombok-1.18.30.jar:/Users/a0p07mo/.m2/repository/org/springdoc/springdoc-openapi-starter-webmvc-ui/2.0.3/springdoc-openapi-starter-webmvc-ui-2.0.3.jar:/Users/a0p07mo/.m2/repository/org/springdoc/springdoc-openapi-starter-webmvc-api/2.0.3/springdoc-openapi-starter-webmvc-api-2.0.3.jar:/Users/a0p07mo/.m2/repository/org/springdoc/springdoc-openapi-starter-common/2.0.3/springdoc-openapi-starter-common-2.0.3.jar:/Users/a0p07mo/.m2/repository/io/swagger/core/v3/swagger-core-jakarta/2.2.8/swagger-core-jakarta-2.2.8.jar:/Users/a0p07mo/.m2/repository/org/apache/commons/commons-lang3/3.12.0/commons-lang3-3.12.0.jar:/Users/a0p07mo/.m2/repository/io/swagger/core/v3/swagger-annotations-jakarta/2.2.8/swagger-annotations-jakarta-2.2.8.jar:/Users/a0p07mo/.m2/repository/io/swagger/core/v3/swagger-models-jakarta/2.2.8/swagger-models-jakarta-2.2.8.jar:/Users/a0p07mo/.m2/repository/com/fasterxml/jackson/dataformat/jackson-dataformat-yaml/2.14.3/jackson-dataformat-yaml-2.14.3.jar:/Users/a0p07mo/.m2/repository/org/webjars/swagger-ui/4.17.1/swagger-ui-4.17.1.jar:/Users/a0p07mo/.m2/repository/org/webjars/webjars-locator-core/0.52/webjars-locator-core-0.52.jar:/Users/a0p07mo/.m2/repository/io/github/classgraph/classgraph/4.8.149/classgraph-4.8.149.jar:/Users/a0p07mo/.m2/repository/io/jsonwebtoken/jjwt/0.9.1/jjwt-0.9.1.jar:/Users/a0p07mo/.m2/repository/org/springframework/boot/spring-boot-starter-validation/3.0.12/spring-boot-starter-validation-3.0.12.jar:/Users/a0p07mo/.m2/repository/org/apache/tomcat/embed/tomcat-embed-el/10.1.15/tomcat-embed-el-10.1.15.jar:/Users/a0p07mo/.m2/repository/org/hibernate/validator/hibernate-validator/8.0.1.Final/hibernate-validator-8.0.1.Final.jar:/Users/a0p07mo/.m2/repository/jakarta/validation/jakarta.validation-api/3.0.2/jakarta.validation-api-3.0.2.jar:/Users/a0p07mo/.m2/repository/org/jboss/logging/jboss-logging/3.5.3.Final/jboss-logging-3.5.3.Final.jar:/Users/a0p07mo/.m2/repository/com/fasterxml/classmate/1.5.1/classmate-1.5.1.jar:/Users/a0p07mo/.m2/repository/com/fasterxml/jackson/core/jackson-databind/2.14.3/jackson-databind-2.14.3.jar:/Users/a0p07mo/.m2/repository/com/fasterxml/jackson/core/jackson-core/2.14.3/jackson-core-2.14.3.jar:/Users/a0p07mo/.m2/repository/org/json/json/20210307/json-20210307.jar:/Users/a0p07mo/.m2/repository/org/springframework/boot/spring-boot-starter-logging/3.0.12/spring-boot-starter-logging-3.0.12.jar:/Users/a0p07mo/.m2/repository/ch/qos/logback/logback-classic/1.4.11/logback-classic-1.4.11.jar:/Users/a0p07mo/.m2/repository/ch/qos/logback/logback-core/1.4.11/logback-core-1.4.11.jar:/Users/a0p07mo/.m2/repository/org/apache/logging/log4j/log4j-to-slf4j/2.19.0/log4j-to-slf4j-2.19.0.jar:/Users/a0p07mo/.m2/repository/org/apache/logging/log4j/log4j-api/2.19.0/log4j-api-2.19.0.jar:/Users/a0p07mo/.m2/repository/org/slf4j/jul-to-slf4j/2.0.9/jul-to-slf4j-2.0.9.jar:
2025-01-27 01:13:03 - Client environment:java.library.path=/Users/a0p07mo/Library/Java/Extensions:/Library/Java/Extensions:/Network/Library/Java/Extensions:/System/Library/Java/Extensions:/usr/lib/java:.
2025-01-27 01:13:03 - Client environment:java.io.tmpdir=/var/folders/gr/dw9st56s3gj30gltjs1m4f5m0000gq/T/
2025-01-27 01:13:03 - Client environment:java.compiler=<NA>
2025-01-27 01:13:03 - Client environment:os.name=Mac OS X
2025-01-27 01:13:03 - Client environment:os.arch=aarch64
2025-01-27 01:13:03 - Client environment:os.version=14.7
2025-01-27 01:13:03 - Client environment:user.name=a0p07mo
2025-01-27 01:13:03 - Client environment:user.home=/Users/a0p07mo
2025-01-27 01:13:03 - Client environment:user.dir=/Users/a0p07mo/Documents/workspace-spring-tool-suite-4-4.18.0.RELEASE/CcmsService
2025-01-27 01:13:03 - Client environment:os.memory.free=105MB
2025-01-27 01:13:03 - Client environment:os.memory.max=4096MB
2025-01-27 01:13:03 - Client environment:os.memory.total=176MB
2025-01-27 01:13:03 - Initiating client connection, connectString=127.0.0.1:56480 sessionTimeout=18000 watcher=kafka.zookeeper.ZooKeeperClient$ZooKeeperClientWatcher$@3c6d6cb3
2025-01-27 01:13:03 - jute.maxbuffer value is 4194304 Bytes
2025-01-27 01:13:03 - zookeeper.request.timeout value is 0. feature enabled=false
2025-01-27 01:13:03 - Opening socket connection to server /127.0.0.1:56480.
2025-01-27 01:13:03 - [ZooKeeperClient Kafka server] Waiting until connected.
2025-01-27 01:13:03 - Socket connection established, initiating session, client: /127.0.0.1:56481, server: /127.0.0.1:56480
2025-01-27 01:13:03 - Creating new log file: log.1
2025-01-27 01:13:03 - ZooKeeper audit is disabled.
2025-01-27 01:13:03 - Session establishment complete on server /127.0.0.1:56480, session id = 0x100194ec53e0000, negotiated timeout = 16000
2025-01-27 01:13:03 - [ZooKeeperClient Kafka server] Connected.
2025-01-27 01:13:03 - Cluster ID = s0E3KxiYSDmJE9hmYMfftw
2025-01-27 01:13:03 - No meta.properties file under dir /var/folders/gr/dw9st56s3gj30gltjs1m4f5m0000gq/T/spring.kafka.be131a80-3a19-4593-bfc7-b197dfe53b394648609370573781654/meta.properties
2025-01-27 01:13:03 - KafkaConfig values: 
	advertised.listeners = null
	alter.config.policy.class.name = null
	alter.log.dirs.replication.quota.window.num = 11
	alter.log.dirs.replication.quota.window.size.seconds = 1
	authorizer.class.name = 
	auto.create.topics.enable = true
	auto.leader.rebalance.enable = true
	background.threads = 10
	broker.heartbeat.interval.ms = 2000
	broker.id = 0
	broker.id.generation.enable = true
	broker.rack = null
	broker.session.timeout.ms = 9000
	client.quota.callback.class = null
	compression.type = producer
	connection.failed.authentication.delay.ms = 100
	connections.max.idle.ms = 600000
	connections.max.reauth.ms = 0
	control.plane.listener.name = null
	controlled.shutdown.enable = false
	controlled.shutdown.max.retries = 3
	controlled.shutdown.retry.backoff.ms = 100
	controller.listener.names = null
	controller.quorum.append.linger.ms = 25
	controller.quorum.election.backoff.max.ms = 1000
	controller.quorum.election.timeout.ms = 1000
	controller.quorum.fetch.timeout.ms = 2000
	controller.quorum.request.timeout.ms = 2000
	controller.quorum.retry.backoff.ms = 20
	controller.quorum.voters = []
	controller.quota.window.num = 11
	controller.quota.window.size.seconds = 1
	controller.socket.timeout.ms = 1000
	create.topic.policy.class.name = null
	default.replication.factor = 1
	delegation.token.expiry.check.interval.ms = 3600000
	delegation.token.expiry.time.ms = 86400000
	delegation.token.master.key = null
	delegation.token.max.lifetime.ms = 604800000
	delegation.token.secret.key = null
	delete.records.purgatory.purge.interval.requests = 1
	delete.topic.enable = true
	early.start.listeners = null
	fetch.max.bytes = 57671680
	fetch.purgatory.purge.interval.requests = 1000
	group.initial.rebalance.delay.ms = 0
	group.max.session.timeout.ms = 1800000
	group.max.size = 2147483647
	group.min.session.timeout.ms = 6000
	initial.broker.registration.timeout.ms = 60000
	inter.broker.listener.name = null
	inter.broker.protocol.version = 3.3-IV3
	kafka.metrics.polling.interval.secs = 10
	kafka.metrics.reporters = []
	leader.imbalance.check.interval.seconds = 300
	leader.imbalance.per.broker.percentage = 10
	listener.security.protocol.map = PLAINTEXT:PLAINTEXT,SSL:SSL,SASL_PLAINTEXT:SASL_PLAINTEXT,SASL_SSL:SASL_SSL
	listeners = PLAINTEXT://localhost:0
	log.cleaner.backoff.ms = 15000
	log.cleaner.dedupe.buffer.size = 2097152
	log.cleaner.delete.retention.ms = 86400000
	log.cleaner.enable = true
	log.cleaner.io.buffer.load.factor = 0.9
	log.cleaner.io.buffer.size = 524288
	log.cleaner.io.max.bytes.per.second = 1.7976931348623157E308
	log.cleaner.max.compaction.lag.ms = 9223372036854775807
	log.cleaner.min.cleanable.ratio = 0.5
	log.cleaner.min.compaction.lag.ms = 0
	log.cleaner.threads = 1
	log.cleanup.policy = [delete]
	log.dir = /var/folders/gr/dw9st56s3gj30gltjs1m4f5m0000gq/T/spring.kafka.be131a80-3a19-4593-bfc7-b197dfe53b394648609370573781654
	log.dirs = null
	log.flush.interval.messages = 9223372036854775807
	log.flush.interval.ms = null
	log.flush.offset.checkpoint.interval.ms = 60000
	log.flush.scheduler.interval.ms = 9223372036854775807
	log.flush.start.offset.checkpoint.interval.ms = 60000
	log.index.interval.bytes = 4096
	log.index.size.max.bytes = 10485760
	log.message.downconversion.enable = true
	log.message.format.version = 3.0-IV1
	log.message.timestamp.difference.max.ms = 9223372036854775807
	log.message.timestamp.type = CreateTime
	log.preallocate = false
	log.retention.bytes = -1
	log.retention.check.interval.ms = 300000
	log.retention.hours = 168
	log.retention.minutes = null
	log.retention.ms = null
	log.roll.hours = 168
	log.roll.jitter.hours = 0
	log.roll.jitter.ms = null
	log.roll.ms = null
	log.segment.bytes = 1073741824
	log.segment.delete.delay.ms = 1000
	max.connection.creation.rate = 2147483647
	max.connections = 2147483647
	max.connections.per.ip = 2147483647
	max.connections.per.ip.overrides = 
	max.incremental.fetch.session.cache.slots = 1000
	message.max.bytes = 1048588
	metadata.log.dir = null
	metadata.log.max.record.bytes.between.snapshots = 20971520
	metadata.log.segment.bytes = 1073741824
	metadata.log.segment.min.bytes = 8388608
	metadata.log.segment.ms = 604800000
	metadata.max.idle.interval.ms = 500
	metadata.max.retention.bytes = -1
	metadata.max.retention.ms = 604800000
	metric.reporters = []
	metrics.num.samples = 2
	metrics.recording.level = INFO
	metrics.sample.window.ms = 30000
	min.insync.replicas = 1
	node.id = 0
	num.io.threads = 8
	num.network.threads = 3
	num.partitions = 1
	num.recovery.threads.per.data.dir = 1
	num.replica.alter.log.dirs.threads = null
	num.replica.fetchers = 1
	offset.metadata.max.bytes = 4096
	offsets.commit.required.acks = -1
	offsets.commit.timeout.ms = 5000
	offsets.load.buffer.size = 5242880
	offsets.retention.check.interval.ms = 600000
	offsets.retention.minutes = 10080
	offsets.topic.compression.codec = 0
	offsets.topic.num.partitions = 5
	offsets.topic.replication.factor = 1
	offsets.topic.segment.bytes = 104857600
	password.encoder.cipher.algorithm = AES/CBC/PKCS5Padding
	password.encoder.iterations = 4096
	password.encoder.key.length = 128
	password.encoder.keyfactory.algorithm = null
	password.encoder.old.secret = null
	password.encoder.secret = null
	principal.builder.class = class org.apache.kafka.common.security.authenticator.DefaultKafkaPrincipalBuilder
	process.roles = []
	producer.purgatory.purge.interval.requests = 1000
	queued.max.request.bytes = -1
	queued.max.requests = 500
	quota.window.num = 11
	quota.window.size.seconds = 1
	remote.log.index.file.cache.total.size.bytes = 1073741824
	remote.log.manager.task.interval.ms = 30000
	remote.log.manager.task.retry.backoff.max.ms = 30000
	remote.log.manager.task.retry.backoff.ms = 500
	remote.log.manager.task.retry.jitter = 0.2
	remote.log.manager.thread.pool.size = 10
	remote.log.metadata.manager.class.name = null
	remote.log.metadata.manager.class.path = null
	remote.log.metadata.manager.impl.prefix = null
	remote.log.metadata.manager.listener.name = null
	remote.log.reader.max.pending.tasks = 100
	remote.log.reader.threads = 10
	remote.log.storage.manager.class.name = null
	remote.log.storage.manager.class.path = null
	remote.log.storage.manager.impl.prefix = null
	remote.log.storage.system.enable = false
	replica.fetch.backoff.ms = 1000
	replica.fetch.max.bytes = 1048576
	replica.fetch.min.bytes = 1
	replica.fetch.response.max.bytes = 10485760
	replica.fetch.wait.max.ms = 500
	replica.high.watermark.checkpoint.interval.ms = 9223372036854775807
	replica.lag.time.max.ms = 30000
	replica.selector.class = null
	replica.socket.receive.buffer.bytes = 65536
	replica.socket.timeout.ms = 1000
	replication.quota.window.num = 11
	replication.quota.window.size.seconds = 1
	request.timeout.ms = 30000
	reserved.broker.max.id = 1000
	sasl.client.callback.handler.class = null
	sasl.enabled.mechanisms = [GSSAPI]
	sasl.jaas.config = null
	sasl.kerberos.kinit.cmd = /usr/bin/kinit
	sasl.kerberos.min.time.before.relogin = 60000
	sasl.kerberos.principal.to.local.rules = [DEFAULT]
	sasl.kerberos.service.name = null
	sasl.kerberos.ticket.renew.jitter = 0.05
	sasl.kerberos.ticket.renew.window.factor = 0.8
	sasl.login.callback.handler.class = null
	sasl.login.class = null
	sasl.login.connect.timeout.ms = null
	sasl.login.read.timeout.ms = null
	sasl.login.refresh.buffer.seconds = 300
	sasl.login.refresh.min.period.seconds = 60
	sasl.login.refresh.window.factor = 0.8
	sasl.login.refresh.window.jitter = 0.05
	sasl.login.retry.backoff.max.ms = 10000
	sasl.login.retry.backoff.ms = 100
	sasl.mechanism.controller.protocol = GSSAPI
	sasl.mechanism.inter.broker.protocol = GSSAPI
	sasl.oauthbearer.clock.skew.seconds = 30
	sasl.oauthbearer.expected.audience = null
	sasl.oauthbearer.expected.issuer = null
	sasl.oauthbearer.jwks.endpoint.refresh.ms = 3600000
	sasl.oauthbearer.jwks.endpoint.retry.backoff.max.ms = 10000
	sasl.oauthbearer.jwks.endpoint.retry.backoff.ms = 100
	sasl.oauthbearer.jwks.endpoint.url = null
	sasl.oauthbearer.scope.claim.name = scope
	sasl.oauthbearer.sub.claim.name = sub
	sasl.oauthbearer.token.endpoint.url = null
	sasl.server.callback.handler.class = null
	sasl.server.max.receive.size = 524288
	security.inter.broker.protocol = PLAINTEXT
	security.providers = null
	socket.connection.setup.timeout.max.ms = 30000
	socket.connection.setup.timeout.ms = 10000
	socket.listen.backlog.size = 50
	socket.receive.buffer.bytes = 102400
	socket.request.max.bytes = 104857600
	socket.send.buffer.bytes = 102400
	ssl.cipher.suites = []
	ssl.client.auth = none
	ssl.enabled.protocols = [TLSv1.2, TLSv1.3]
	ssl.endpoint.identification.algorithm = https
	ssl.engine.factory.class = null
	ssl.key.password = null
	ssl.keymanager.algorithm = SunX509
	ssl.keystore.certificate.chain = null
	ssl.keystore.key = null
	ssl.keystore.location = null
	ssl.keystore.password = null
	ssl.keystore.type = JKS
	ssl.principal.mapping.rules = DEFAULT
	ssl.protocol = TLSv1.3
	ssl.provider = null
	ssl.secure.random.implementation = null
	ssl.trustmanager.algorithm = PKIX
	ssl.truststore.certificates = null
	ssl.truststore.location = null
	ssl.truststore.password = null
	ssl.truststore.type = JKS
	transaction.abort.timed.out.transaction.cleanup.interval.ms = 10000
	transaction.max.timeout.ms = 900000
	transaction.remove.expired.transaction.cleanup.interval.ms = 3600000
	transaction.state.log.load.buffer.size = 5242880
	transaction.state.log.min.isr = 2
	transaction.state.log.num.partitions = 50
	transaction.state.log.replication.factor = 3
	transaction.state.log.segment.bytes = 104857600
	transactional.id.expiration.ms = 604800000
	unclean.leader.election.enable = false
	zookeeper.clientCnxnSocket = null
	zookeeper.connect = 127.0.0.1:56480
	zookeeper.connection.timeout.ms = 10000
	zookeeper.max.in.flight.requests = 10
	zookeeper.session.timeout.ms = 18000
	zookeeper.set.acl = false
	zookeeper.ssl.cipher.suites = null
	zookeeper.ssl.client.enable = false
	zookeeper.ssl.crl.enable = false
	zookeeper.ssl.enabled.protocols = null
	zookeeper.ssl.endpoint.identification.algorithm = HTTPS
	zookeeper.ssl.keystore.location = null
	zookeeper.ssl.keystore.password = null
	zookeeper.ssl.keystore.type = null
	zookeeper.ssl.ocsp.enable = false
	zookeeper.ssl.protocol = TLSv1.2
	zookeeper.ssl.truststore.location = null
	zookeeper.ssl.truststore.password = null
	zookeeper.ssl.truststore.type = null

2025-01-27 01:13:03 - [ThrottledChannelReaper-Fetch]: Starting
2025-01-27 01:13:03 - [ThrottledChannelReaper-Produce]: Starting
2025-01-27 01:13:03 - [ThrottledChannelReaper-Request]: Starting
2025-01-27 01:13:03 - [ThrottledChannelReaper-ControllerMutation]: Starting
2025-01-27 01:13:03 - Loading logs from log dirs ArraySeq(/var/folders/gr/dw9st56s3gj30gltjs1m4f5m0000gq/T/spring.kafka.be131a80-3a19-4593-bfc7-b197dfe53b394648609370573781654)
2025-01-27 01:13:03 - Attempting recovery for all logs in /var/folders/gr/dw9st56s3gj30gltjs1m4f5m0000gq/T/spring.kafka.be131a80-3a19-4593-bfc7-b197dfe53b394648609370573781654 since no clean shutdown file was found
2025-01-27 01:13:03 - Loaded 0 logs in 8ms.
2025-01-27 01:13:03 - Starting log cleanup with a period of 300000 ms.
2025-01-27 01:13:03 - Starting log flusher with a default period of 9223372036854775807 ms.
2025-01-27 01:13:03 - Starting the log cleaner
2025-01-27 01:13:03 - [kafka-log-cleaner-thread-0]: Starting
2025-01-27 01:13:03 - [feature-zk-node-event-process-thread]: Starting
2025-01-27 01:13:03 - Feature ZK node at path: /feature does not exist
2025-01-27 01:13:03 - [BrokerToControllerChannelManager broker=0 name=forwarding]: Starting
2025-01-27 01:13:03 - Updated connection-accept-rate max connection creation rate to 2147483647
2025-01-27 01:13:03 - Awaiting socket connections on localhost:56482.
2025-01-27 01:13:03 - [SocketServer listenerType=ZK_BROKER, nodeId=0] Created data-plane acceptor and processors for endpoint : ListenerName(PLAINTEXT)
2025-01-27 01:13:03 - [BrokerToControllerChannelManager broker=0 name=alterPartition]: Starting
2025-01-27 01:13:03 - [ExpirationReaper-0-Produce]: Starting
2025-01-27 01:13:03 - [ExpirationReaper-0-Fetch]: Starting
2025-01-27 01:13:03 - [ExpirationReaper-0-DeleteRecords]: Starting
2025-01-27 01:13:03 - [ExpirationReaper-0-ElectLeader]: Starting
2025-01-27 01:13:03 - [LogDirFailureHandler]: Starting
2025-01-27 01:13:03 - Creating /brokers/ids/0 (is it secure? false)
2025-01-27 01:13:03 - Stat of the created znode at /brokers/ids/0 is: 25,25,1737920583765,1737920583765,1,0,0,72085420145246208,204,0,25

2025-01-27 01:13:03 - Registered broker 0 at path /brokers/ids/0 with addresses: PLAINTEXT://localhost:56482, czxid (broker epoch): 25
2025-01-27 01:13:03 - [ControllerEventThread controllerId=0] Starting
2025-01-27 01:13:03 - [ExpirationReaper-0-topic]: Starting
2025-01-27 01:13:03 - [ExpirationReaper-0-Heartbeat]: Starting
2025-01-27 01:13:03 - [ExpirationReaper-0-Rebalance]: Starting
[...]
2025-01-27 01:13:08 - Entering getActiveCreditCardsForUser
2025-01-27 01:13:08 - Received access logs: {"timestamp": "2025-01-26T19:43:08.622920Z", "method": "GET", "url": "/api/customer/transactions/lastXTransactions/dGVzdFVzZXI=", "ip": "127.0.0.1", "status": 204, "duration": 26, "userAgent": "N/A", "requestSize": -1, "responseSize": 0, "referer": "N/A"}
2025-01-27 01:13:08 - User not found: Customer not found : testUser
]]></system-out>
  </testcase>
  <testcase name="testGetLastXTransactionsForUser_Error" classname="com.ccms.service.controller.TransactionControllerTest" time="0.028">
    <system-out><![CDATA[2025-01-27 01:13:08 - Received access logs: {"timestamp": "2025-01-26T19:43:08.653281Z", "method": "GET", "url": "/api/customer/transactions/maxExpenses/lastMonth/dGVzdFVzZXI=", "ip": "127.0.0.1", "status": 204, "duration": 26, "userAgent": "N/A", "requestSize": -1, "responseSize": 0, "referer": "N/A"}
2025-01-27 01:13:08 - Entering getLastXTransactionsForUser
2025-01-27 01:13:08 - Entering getActiveCreditCardsForUser
2025-01-27 01:13:08 - User not found: Customer not found : testUser
]]></system-out>
  </testcase>
  <testcase name="testGetLastXExpensesForUser_Error" classname="com.ccms.service.controller.TransactionControllerTest" time="0.033">
    <system-out><![CDATA[2025-01-27 01:13:08 - Received access logs: {"timestamp": "2025-01-26T19:43:08.683074Z", "method": "GET", "url": "/api/customer/transactions/lastXTransactions/dGVzdFVzZXI=", "ip": "127.0.0.1", "status": 204, "duration": 26, "userAgent": "N/A", "requestSize": -1, "responseSize": 0, "referer": "N/A"}
2025-01-27 01:13:08 - Entering getLastXExpensesForUser
2025-01-27 01:13:08 - Entering getActiveCreditCardsForUser
2025-01-27 01:13:08 - User not found: Customer not found : testUser
]]></system-out>
  </testcase>
  <testcase name="testGetLastXTransactionsForUser_InvalidLimit" classname="com.ccms.service.controller.TransactionControllerTest" time="0.005">
    <system-out><![CDATA[2025-01-27 01:13:08 - Received access logs: {"timestamp": "2025-01-26T19:43:08.717222Z", "method": "GET", "url": "/api/customer/transactions/lastXExpenses/dGVzdFVzZXI=", "ip": "127.0.0.1", "status": 204, "duration": 31, "userAgent": "N/A", "requestSize": -1, "responseSize": 0, "referer": "N/A"}
]]></system-out>
  </testcase>
  <testcase name="testInvalidUsernameFormat" classname="com.ccms.service.controller.TransactionControllerTest" time="0.009">
    <system-out><![CDATA[2025-01-27 01:13:08 - Received access logs: {"timestamp": "2025-01-26T19:43:08.723682Z", "method": "GET", "url": "/api/customer/transactions/lastXTransactions/dGVzdFVzZXI=", "ip": "127.0.0.1", "status": 400, "duration": 2, "userAgent": "N/A", "requestSize": -1, "responseSize": 88, "referer": "N/A"}
2025-01-27 01:13:08 - Error decoding Base64 username
java.lang.IllegalArgumentException: Illegal base64 character 21
	at java.base/java.util.Base64$Decoder.decode0(Base64.java:848)
	at java.base/java.util.Base64$Decoder.decode(Base64.java:566)
	at java.base/java.util.Base64$Decoder.decode(Base64.java:589)
	at com.ccms.service.utilities.Decodename.decodeUsername(Decodename.java:51)
	at com.ccms.service.controller.TransactionController.decodeUsername(TransactionController.java:426)
	at com.ccms.service.controller.TransactionController.gettransactionsforuser(TransactionController.java:75)
	at java.base/jdk.internal.reflect.NativeMethodAccessorImpl.invoke0(Native Method)
	at java.base/jdk.internal.reflect.NativeMethodAccessorImpl.invoke(NativeMethodAccessorImpl.java:77)
	at java.base/jdk.internal.reflect.DelegatingMethodAccessorImpl.invoke(DelegatingMethodAccessorImpl.java:43)
	at java.base/java.lang.reflect.Method.invoke(Method.java:568)
	at org.springframework.aop.support.AopUtils.invokeJoinpointUsingReflection(AopUtils.java:343)
	at org.springframework.aop.framework.ReflectiveMethodInvocation.invokeJoinpoint(ReflectiveMethodInvocation.java:196)
	at org.springframework.aop.framework.ReflectiveMethodInvocation.proceed(ReflectiveMethodInvocation.java:163)
	at org.springframework.aop.framework.CglibAopProxy$CglibMethodInvocation.proceed(CglibAopProxy.java:751)
	at org.springframework.validation.beanvalidation.MethodValidationInterceptor.invoke(MethodValidationInterceptor.java:141)
	at org.springframework.aop.framework.ReflectiveMethodInvocation.proceed(ReflectiveMethodInvocation.java:184)
	at org.springframework.aop.framework.CglibAopProxy$CglibMethodInvocation.proceed(CglibAopProxy.java:751)
	at org.springframework.aop.framework.CglibAopProxy$DynamicAdvisedInterceptor.intercept(CglibAopProxy.java:703)
	at com.ccms.service.controller.TransactionController$$SpringCGLIB$$0.gettransactionsforuser(<generated>)
	at java.base/jdk.internal.reflect.NativeMethodAccessorImpl.invoke0(Native Method)
	at java.base/jdk.internal.reflect.NativeMethodAccessorImpl.invoke(NativeMethodAccessorImpl.java:77)
	at java.base/jdk.internal.reflect.DelegatingMethodAccessorImpl.invoke(DelegatingMethodAccessorImpl.java:43)
	at java.base/java.lang.reflect.Method.invoke(Method.java:568)
	at org.springframework.web.method.support.InvocableHandlerMethod.doInvoke(InvocableHandlerMethod.java:205)
	at org.springframework.web.method.support.InvocableHandlerMethod.invokeForRequest(InvocableHandlerMethod.java:150)
	at org.springframework.web.servlet.mvc.method.annotation.ServletInvocableHandlerMethod.invokeAndHandle(ServletInvocableHandlerMethod.java:118)
	at org.springframework.web.servlet.mvc.method.annotation.RequestMappingHandlerAdapter.invokeHandlerMethod(RequestMappingHandlerAdapter.java:884)
	at org.springframework.web.servlet.mvc.method.annotation.RequestMappingHandlerAdapter.handleInternal(RequestMappingHandlerAdapter.java:797)
	at org.springframework.web.servlet.mvc.method.AbstractHandlerMethodAdapter.handle(AbstractHandlerMethodAdapter.java:87)
	at org.springframework.web.servlet.DispatcherServlet.doDispatch(DispatcherServlet.java:1081)
	at org.springframework.web.servlet.DispatcherServlet.doService(DispatcherServlet.java:974)
	at org.springframework.web.servlet.FrameworkServlet.processRequest(FrameworkServlet.java:1011)
	at org.springframework.web.servlet.FrameworkServlet.doGet(FrameworkServlet.java:903)
	at jakarta.servlet.http.HttpServlet.service(HttpServlet.java:564)
	at org.springframework.web.servlet.FrameworkServlet.service(FrameworkServlet.java:885)
	at org.springframework.test.web.servlet.TestDispatcherServlet.service(TestDispatcherServlet.java:72)
	at jakarta.servlet.http.HttpServlet.service(HttpServlet.java:658)
	at org.springframework.mock.web.MockFilterChain$ServletFilterProxy.doFilter(MockFilterChain.java:165)
	at org.springframework.mock.web.MockFilterChain.doFilter(MockFilterChain.java:132)
	at org.springframework.web.filter.CorsFilter.doFilterInternal(CorsFilter.java:91)
	at org.springframework.web.filter.OncePerRequestFilter.doFilter(OncePerRequestFilter.java:116)
	at org.springframework.mock.web.MockFilterChain.doFilter(MockFilterChain.java:132)
	at com.ccms.service.utilities.AccessLogFilter.doFilter(AccessLogFilter.java:66)
	at org.springframework.mock.web.MockFilterChain.doFilter(MockFilterChain.java:132)
	at org.springframework.web.filter.RequestContextFilter.doFilterInternal(RequestContextFilter.java:100)
	at org.springframework.web.filter.OncePerRequestFilter.doFilter(OncePerRequestFilter.java:116)
	at org.springframework.mock.web.MockFilterChain.doFilter(MockFilterChain.java:132)
	at org.springframework.web.filter.FormContentFilter.doFilterInternal(FormContentFilter.java:93)
	at org.springframework.web.filter.OncePerRequestFilter.doFilter(OncePerRequestFilter.java:116)
	at org.springframework.mock.web.MockFilterChain.doFilter(MockFilterChain.java:132)
	at org.springframework.web.filter.ServerHttpObservationFilter.doFilterInternal(ServerHttpObservationFilter.java:109)
	at org.springframework.web.filter.OncePerRequestFilter.doFilter(OncePerRequestFilter.java:116)
	at org.springframework.mock.web.MockFilterChain.doFilter(MockFilterChain.java:132)
	at org.springframework.web.filter.CharacterEncodingFilter.doFilterInternal(CharacterEncodingFilter.java:201)
	at org.springframework.web.filter.OncePerRequestFilter.doFilter(OncePerRequestFilter.java:116)
	at org.springframework.mock.web.MockFilterChain.doFilter(MockFilterChain.java:132)
	at org.springframework.test.web.servlet.MockMvc.perform(MockMvc.java:201)
	at com.ccms.service.controller.TransactionControllerTest.testInvalidUsernameFormat(TransactionControllerTest.java:250)
	at java.base/jdk.internal.reflect.NativeMethodAccessorImpl.invoke0(Native Method)
	at java.base/jdk.internal.reflect.NativeMethodAccessorImpl.invoke(NativeMethodAccessorImpl.java:77)
	at java.base/jdk.internal.reflect.DelegatingMethodAccessorImpl.invoke(DelegatingMethodAccessorImpl.java:43)
	at java.base/java.lang.reflect.Method.invoke(Method.java:568)
	at org.junit.platform.commons.util.ReflectionUtils.invokeMethod(ReflectionUtils.java:727)
	at org.junit.jupiter.engine.execution.MethodInvocation.proceed(MethodInvocation.java:60)
	at org.junit.jupiter.engine.execution.InvocationInterceptorChain$ValidatingInvocation.proceed(InvocationInterceptorChain.java:131)
	at org.junit.jupiter.engine.extension.TimeoutExtension.intercept(TimeoutExtension.java:149)
	at org.junit.jupiter.engine.extension.TimeoutExtension.interceptTestableMethod(TimeoutExtension.java:140)
	at org.junit.jupiter.engine.extension.TimeoutExtension.interceptTestMethod(TimeoutExtension.java:84)
	at org.junit.jupiter.engine.execution.ExecutableInvoker$ReflectiveInterceptorCall.lambda$ofVoidMethod$0(ExecutableInvoker.java:115)
	at org.junit.jupiter.engine.execution.ExecutableInvoker.lambda$invoke$0(ExecutableInvoker.java:105)
	at org.junit.jupiter.engine.execution.InvocationInterceptorChain$InterceptedInvocation.proceed(InvocationInterceptorChain.java:106)
	at org.junit.jupiter.engine.execution.InvocationInterceptorChain.proceed(InvocationInterceptorChain.java:64)
	at org.junit.jupiter.engine.execution.InvocationInterceptorChain.chainAndInvoke(InvocationInterceptorChain.java:45)
	at org.junit.jupiter.engine.execution.InvocationInterceptorChain.invoke(InvocationInterceptorChain.java:37)
	at org.junit.jupiter.engine.execution.ExecutableInvoker.invoke(ExecutableInvoker.java:104)
	at org.junit.jupiter.engine.execution.ExecutableInvoker.invoke(ExecutableInvoker.java:98)
	at org.junit.jupiter.engine.descriptor.TestMethodTestDescriptor.lambda$invokeTestMethod$6(TestMethodTestDescriptor.java:210)
	at org.junit.platform.engine.support.hierarchical.ThrowableCollector.execute(ThrowableCollector.java:73)
	at org.junit.jupiter.engine.descriptor.TestMethodTestDescriptor.invokeTestMethod(TestMethodTestDescriptor.java:206)
	at org.junit.jupiter.engine.descriptor.TestMethodTestDescriptor.execute(TestMethodTestDescriptor.java:131)
	at org.junit.jupiter.engine.descriptor.TestMethodTestDescriptor.execute(TestMethodTestDescriptor.java:65)
	at org.junit.platform.engine.support.hierarchical.NodeTestTask.lambda$executeRecursively$6(NodeTestTask.java:151)
	at org.junit.platform.engine.support.hierarchical.ThrowableCollector.execute(ThrowableCollector.java:73)
	at org.junit.platform.engine.support.hierarchical.NodeTestTask.lambda$executeRecursively$8(NodeTestTask.java:141)
	at org.junit.platform.engine.support.hierarchical.Node.around(Node.java:137)
	at org.junit.platform.engine.support.hierarchical.NodeTestTask.lambda$executeRecursively$9(NodeTestTask.java:139)
	at org.junit.platform.engine.support.hierarchical.ThrowableCollector.execute(ThrowableCollector.java:73)
	at org.junit.platform.engine.support.hierarchical.NodeTestTask.executeRecursively(NodeTestTask.java:138)
	at org.junit.platform.engine.support.hierarchical.NodeTestTask.execute(NodeTestTask.java:95)
	at java.base/java.util.ArrayList.forEach(ArrayList.java:1511)
	at org.junit.platform.engine.support.hierarchical.SameThreadHierarchicalTestExecutorService.invokeAll(SameThreadHierarchicalTestExecutorService.java:41)
	at org.junit.platform.engine.support.hierarchical.NodeTestTask.lambda$executeRecursively$6(NodeTestTask.java:155)
	at org.junit.platform.engine.support.hierarchical.ThrowableCollector.execute(ThrowableCollector.java:73)
	at org.junit.platform.engine.support.hierarchical.NodeTestTask.lambda$executeRecursively$8(NodeTestTask.java:141)
	at org.junit.platform.engine.support.hierarchical.Node.around(Node.java:137)
	at org.junit.platform.engine.support.hierarchical.NodeTestTask.lambda$executeRecursively$9(NodeTestTask.java:139)
	at org.junit.platform.engine.support.hierarchical.ThrowableCollector.execute(ThrowableCollector.java:73)
	at org.junit.platform.engine.support.hierarchical.NodeTestTask.executeRecursively(NodeTestTask.java:138)
	at org.junit.platform.engine.support.hierarchical.NodeTestTask.execute(NodeTestTask.java:95)
	at java.base/java.util.ArrayList.forEach(ArrayList.java:1511)
	at org.junit.platform.engine.support.hierarchical.SameThreadHierarchicalTestExecutorService.invokeAll(SameThreadHierarchicalTestExecutorService.java:41)
	at org.junit.platform.engine.support.hierarchical.NodeTestTask.lambda$executeRecursively$6(NodeTestTask.java:155)
	at org.junit.platform.engine.support.hierarchical.ThrowableCollector.execute(ThrowableCollector.java:73)
	at org.junit.platform.engine.support.hierarchical.NodeTestTask.lambda$executeRecursively$8(NodeTestTask.java:141)
	at org.junit.platform.engine.support.hierarchical.Node.around(Node.java:137)
	at org.junit.platform.engine.support.hierarchical.NodeTestTask.lambda$executeRecursively$9(NodeTestTask.java:139)
	at org.junit.platform.engine.support.hierarchical.ThrowableCollector.execute(ThrowableCollector.java:73)
	at org.junit.platform.engine.support.hierarchical.NodeTestTask.executeRecursively(NodeTestTask.java:138)
	at org.junit.platform.engine.support.hierarchical.NodeTestTask.execute(NodeTestTask.java:95)
	at org.junit.platform.engine.support.hierarchical.SameThreadHierarchicalTestExecutorService.submit(SameThreadHierarchicalTestExecutorService.java:35)
	at org.junit.platform.engine.support.hierarchical.HierarchicalTestExecutor.execute(HierarchicalTestExecutor.java:57)
	at org.junit.platform.engine.support.hierarchical.HierarchicalTestEngine.execute(HierarchicalTestEngine.java:54)
	at org.junit.platform.launcher.core.EngineExecutionOrchestrator.execute(EngineExecutionOrchestrator.java:147)
	at org.junit.platform.launcher.core.EngineExecutionOrchestrator.execute(EngineExecutionOrchestrator.java:127)
	at org.junit.platform.launcher.core.EngineExecutionOrchestrator.execute(EngineExecutionOrchestrator.java:90)
	at org.junit.platform.launcher.core.EngineExecutionOrchestrator.lambda$execute$0(EngineExecutionOrchestrator.java:55)
	at org.junit.platform.launcher.core.EngineExecutionOrchestrator.withInterceptedStreams(EngineExecutionOrchestrator.java:102)
	at org.junit.platform.launcher.core.EngineExecutionOrchestrator.execute(EngineExecutionOrchestrator.java:54)
	at org.junit.platform.launcher.core.DefaultLauncher.execute(DefaultLauncher.java:114)
	at org.junit.platform.launcher.core.DefaultLauncher.execute(DefaultLauncher.java:86)
	at org.junit.platform.launcher.core.DefaultLauncherSession$DelegatingLauncher.execute(DefaultLauncherSession.java:86)
	at org.junit.platform.launcher.core.SessionPerRequestLauncher.execute(SessionPerRequestLauncher.java:53)
	at org.apache.maven.surefire.junitplatform.JUnitPlatformProvider.execute(JUnitPlatformProvider.java:188)
	at org.apache.maven.surefire.junitplatform.JUnitPlatformProvider.invokeAllTests(JUnitPlatformProvider.java:154)
	at org.apache.maven.surefire.junitplatform.JUnitPlatformProvider.invoke(JUnitPlatformProvider.java:128)
	at org.apache.maven.surefire.booter.ForkedBooter.runSuitesInProcess(ForkedBooter.java:428)
	at org.apache.maven.surefire.booter.ForkedBooter.execute(ForkedBooter.java:162)
	at org.apache.maven.surefire.booter.ForkedBooter.run(ForkedBooter.java:562)
	at org.apache.maven.surefire.booter.ForkedBooter.main(ForkedBooter.java:548)
]]></system-out>
  </testcase>
  <testcase name="testGetLastXTransactionsForUser_NoContent" classname="com.ccms.service.controller.TransactionControllerTest" time="0.032">
    <system-out><![CDATA[2025-01-27 01:13:08 - Received access logs: {"timestamp": "2025-01-26T19:43:08.733649Z", "method": "GET", "url": "/api/customer/transactions/invalid!encoded", "ip": "127.0.0.1", "status": 400, "duration": 5, "userAgent": "N/A", "requestSize": -1, "responseSize": 77, "referer": "N/A"}
2025-01-27 01:13:08 - Entering getLastXTransactionsForUser
2025-01-27 01:13:08 - Entering getActiveCreditCardsForUser
2025-01-27 01:13:08 - User not found: Customer not found : testUser
]]></system-out>
  </testcase>
  <testcase name="testGetLastXExpensesForUser_Success" classname="com.ccms.service.controller.TransactionControllerTest" time="0.031">
    <system-out><![CDATA[2025-01-27 01:13:08 - Received access logs: {"timestamp": "2025-01-26T19:43:08.766385Z", "method": "GET", "url": "/api/customer/transactions/lastXTransactions/dGVzdFVzZXI=", "ip": "127.0.0.1", "status": 204, "duration": 28, "userAgent": "N/A", "requestSize": -1, "responseSize": 0, "referer": "N/A"}
2025-01-27 01:13:08 - Entering getLastXExpensesForUser
2025-01-27 01:13:08 - Entering getActiveCreditCardsForUser
2025-01-27 01:13:08 - User not found: Customer not found : testUser
]]></system-out>
  </testcase>
  <testcase name="testGetHighValueExpenses_Success" classname="com.ccms.service.controller.TransactionControllerTest" time="0.032">
    <system-out><![CDATA[2025-01-27 01:13:08 - Received access logs: {"timestamp": "2025-01-26T19:43:08.798689Z", "method": "GET", "url": "/api/customer/transactions/lastXExpenses/dGVzdFVzZXI=", "ip": "127.0.0.1", "status": 204, "duration": 28, "userAgent": "N/A", "requestSize": -1, "responseSize": 0, "referer": "N/A"}
2025-01-27 01:13:08 - Entering getHighValueExpensesForUser
2025-01-27 01:13:08 - Entering getActiveCreditCardsForUser
2025-01-27 01:13:08 - User not found: Customer not found : testUser
]]></system-out>
  </testcase>
  <testcase name="testGetTransactionsForUser_Success" classname="com.ccms.service.controller.TransactionControllerTest" time="0.075">
    <system-out><![CDATA[2025-01-27 01:13:08 - Received access logs: {"timestamp": "2025-01-26T19:43:08.831453Z", "method": "GET", "url": "/api/customer/transactions/highvalue/expenses/dGVzdFVzZXI=", "ip": "127.0.0.1", "status": 204, "duration": 28, "userAgent": "N/A", "requestSize": -1, "responseSize": 0, "referer": "N/A"}
2025-01-27 01:13:08 - Fetching transactions for user: testUser, page: 0, limit: 100
2025-01-27 01:13:08 - [Controller id=0] Processing automatic preferred replica leader election
]]></system-out>
  </testcase>
  <testcase name="testGetLastXTransactionsForUser_DefaultPageSize" classname="com.ccms.service.controller.TransactionControllerTest" time="0.031">
    <system-out><![CDATA[2025-01-27 01:13:08 - Received access logs: {"timestamp": "2025-01-26T19:43:08.907791Z", "method": "GET", "url": "/api/customer/transactions/dGVzdFVzZXI=", "ip": "127.0.0.1", "status": 204, "duration": 72, "userAgent": "N/A", "requestSize": -1, "responseSize": 0, "referer": "N/A"}
2025-01-27 01:13:08 - Entering getLastXTransactionsForUser
2025-01-27 01:13:08 - Entering getActiveCreditCardsForUser
2025-01-27 01:13:08 - User not found: Customer not found : testUser
]]></system-out>
  </testcase>
  <testcase name="testGetTransactionsForUser_Error" classname="com.ccms.service.controller.TransactionControllerTest" time="0.053">
    <system-out><![CDATA[2025-01-27 01:13:08 - Received access logs: {"timestamp": "2025-01-26T19:43:08.940040Z", "method": "GET", "url": "/api/customer/transactions/lastXTransactions/dGVzdFVzZXI=", "ip": "127.0.0.1", "status": 204, "duration": 28, "userAgent": "N/A", "requestSize": -1, "responseSize": 0, "referer": "N/A"}
2025-01-27 01:13:08 - Fetching transactions for user: testUser, page: null, limit: null
]]></system-out>
  </testcase>
</testsuite>